<?xml version="1.0" encoding="utf-8"?>
<TestRun id="fcedce08-8e83-4a76-8f4f-359048e40e9a" name="mmaha@MAKAVELI 2026-07-11 00:41:24" runUser="MAKAVELI\mmaha" xmlns="http://microsoft.com/schemas/VisualStudio/TeamTest/2010">
  <Times creation="2026-07-11T00:41:24.2434220+02:00" queuing="2026-07-11T00:41:24.2434222+02:00" start="2026-07-11T00:41:16.6536335+02:00" finish="2026-07-11T00:42:06.7056331+02:00" />
  <TestSettings name="default" id="ced8313e-04b1-4616-9c1b-0e3414146df4">
    <Deployment runDeploymentRoot="mmaha_MAKAVELI_2026-07-11_00_41_24" />
  </TestSettings>
  <Results>
    <UnitTestResult executionId="7da9fe80-d313-42b6-b083-6da710bc5463" testId="c85e3783-9282-693a-c1bb-d919132e460d" testName="SoundFXStudio.UI.Tests.AddSoundDialogTests.AddSound_HasSaveAndCancelButtons" computerName="MAKAVELI" duration="00:00:03.6630782" startTime="2026-07-11T00:41:31.4084219+02:00" endTime="2026-07-11T00:41:31.4084221+02:00" testType="13cdc9d9-ddb5-4fa4-a97d-d965ccfc6d4b" outcome="Passed" testListId="8c84fa94-04c1-424b-9868-57a2d4851a1d" relativeResultsDirectory="7da9fe80-d313-42b6-b083-6da710bc5463" />
    <UnitTestResult executionId="c97f5351-6c3e-4670-81d4-ac4845e401b7" testId="dff76364-4630-5bc6-0b9e-f1039082bace" testName="SoundFXStudio.UI.Tests.AddSoundDialogTests.AddSound_HasVolumeSlider" computerName="MAKAVELI" duration="00:00:03.5198838" startTime="2026-07-11T00:41:27.7486203+02:00" endTime="2026-07-11T00:41:27.7486204+02:00" testType="13cdc9d9-ddb5-4fa4-a97d-d965ccfc6d4b" outcome="Failed" testListId="8c84fa94-04c1-424b-9868-57a2d4851a1d" relativeResultsDirectory="c97f5351-6c3e-4670-81d4-ac4845e401b7">
      <Output>
        <ErrorInfo>
          <Message>Dialog should have a volume slider</Message>
          <StackTrace>   at SoundFXStudio.UI.Tests.AddSoundDialogTests.AddSound_HasVolumeSlider() in E:\Projects\SoundFX-Studio\SoundFXStudio.UI.Tests\AddSoundDialogTests.cs:line 116&#xD;
   at System.RuntimeMethodHandle.InvokeMethod(Object target, Void** arguments, Signature sig, Boolean isConstructor)&#xD;
   at System.Reflection.MethodBaseInvoker.InvokeWithNoArgs(Object obj, BindingFlags invokeAttr)</StackTrace>
        </ErrorInfo>
      </Output>
    </UnitTestResult>
    <UnitTestResult executionId="f67aa7e5-4fbf-42d6-b37c-5cb398fc560f" testId="56a1d8ad-0e0b-0005-4ce6-b4548e368436" testName="SoundFXStudio.UI.Tests.AddSoundDialogTests.AddSound_CancelClosesDialog" computerName="MAKAVELI" duration="00:00:06.4614453" startTime="2026-07-11T00:41:57.3808048+02:00" endTime="2026-07-11T00:41:57.3808054+02:00" testType="13cdc9d9-ddb5-4fa4-a97d-d965ccfc6d4b" outcome="Passed" testListId="8c84fa94-04c1-424b-9868-57a2d4851a1d" relativeResultsDirectory="f67aa7e5-4fbf-42d6-b37c-5cb398fc560f" />
    <UnitTestResult executionId="c34ab368-8c5c-46c2-bb9d-b3a6a865a46e" testId="a6d873ba-7b95-f480-7dac-a2020f433772" testName="SoundFXStudio.UI.Tests.AddSoundDialogTests.AddSound_HasFavoriteAndLoopCheckboxes" computerName="MAKAVELI" duration="00:00:03.5241357" startTime="2026-07-11T00:41:24.2196981+02:00" endTime="2026-07-11T00:41:24.2197219+02:00" testType="13cdc9d9-ddb5-4fa4-a97d-d965ccfc6d4b" outcome="Passed" testListId="8c84fa94-04c1-424b-9868-57a2d4851a1d" relativeResultsDirectory="c34ab368-8c5c-46c2-bb9d-b3a6a865a46e" />
    <UnitTestResult executionId="81a5f19c-5682-4b8a-9a07-ac3f4388a518" testId="a9a7f6c3-99b1-9151-7480-658e35bbaf17" testName="SoundFXStudio.UI.Tests.AddSoundDialogTests.AddSound_HasImageBrowseButton" computerName="MAKAVELI" duration="00:00:03.7594760" startTime="2026-07-11T00:41:38.6389162+02:00" endTime="2026-07-11T00:41:38.6389164+02:00" testType="13cdc9d9-ddb5-4fa4-a97d-d965ccfc6d4b" outcome="Failed" testListId="8c84fa94-04c1-424b-9868-57a2d4851a1d" relativeResultsDirectory="81a5f19c-5682-4b8a-9a07-ac3f4388a518">
      <Output>
        <ErrorInfo>
          <Message>Assert.NotNull() Failure: Value is null</Message>
          <StackTrace>   at SoundFXStudio.UI.Tests.AddSoundDialogTests.AddSound_HasImageBrowseButton() in E:\Projects\SoundFX-Studio\SoundFXStudio.UI.Tests\AddSoundDialogTests.cs:line 130&#xD;
   at System.RuntimeMethodHandle.InvokeMethod(Object target, Void** arguments, Signature sig, Boolean isConstructor)&#xD;
   at System.Reflection.MethodBaseInvoker.InvokeWithNoArgs(Object obj, BindingFlags invokeAttr)</StackTrace>
        </ErrorInfo>
      </Output>
    </UnitTestResult>
    <UnitTestResult executionId="358c9d76-665b-40dc-8dc8-bc6415ad5988" testId="3aef9faa-21ba-8595-f291-aedc6af95e17" testName="SoundFXStudio.UI.Tests.AddSoundDialogTests.AddSound_HasNameTextBox" computerName="MAKAVELI" duration="00:00:04.1136923" startTime="2026-07-11T00:41:46.2844366+02:00" endTime="2026-07-11T00:41:46.2844369+02:00" testType="13cdc9d9-ddb5-4fa4-a97d-d965ccfc6d4b" outcome="Passed" testListId="8c84fa94-04c1-424b-9868-57a2d4851a1d" relativeResultsDirectory="358c9d76-665b-40dc-8dc8-bc6415ad5988" />
    <UnitTestResult executionId="adac8526-890a-4f13-a8f3-46a22b7eebe6" testId="6c2c5402-4454-2acb-6b28-248209587e84" testName="SoundFXStudio.UI.Tests.AddSoundDialogTests.AddSound_HasCloseXButton" computerName="MAKAVELI" duration="00:00:03.6141750" startTime="2026-07-11T00:42:00.9951275+02:00" endTime="2026-07-11T00:42:00.9951278+02:00" testType="13cdc9d9-ddb5-4fa4-a97d-d965ccfc6d4b" outcome="Passed" testListId="8c84fa94-04c1-424b-9868-57a2d4851a1d" relativeResultsDirectory="adac8526-890a-4f13-a8f3-46a22b7eebe6" />
    <UnitTestResult executionId="4ac97183-4762-491b-b321-7c885faec879" testId="0acf62e2-8fed-231d-588e-6be0c0d89766" testName="SoundFXStudio.UI.Tests.AddSoundDialogTests.AddSound_HasCategoryComboBox" computerName="MAKAVELI" duration="00:00:03.5320623" startTime="2026-07-11T00:41:42.1705949+02:00" endTime="2026-07-11T00:41:42.1705956+02:00" testType="13cdc9d9-ddb5-4fa4-a97d-d965ccfc6d4b" outcome="Passed" testListId="8c84fa94-04c1-424b-9868-57a2d4851a1d" relativeResultsDirectory="4ac97183-4762-491b-b321-7c885faec879" />
    <UnitTestResult executionId="a43b0eda-3d9c-48d5-9178-9cc274ec585f" testId="1aa073ca-278b-64bf-34ce-723d409d42e4" testName="SoundFXStudio.UI.Tests.AddSoundDialogTests.AddSound_HasBrowseButton" computerName="MAKAVELI" duration="00:00:04.6344152" startTime="2026-07-11T00:41:50.9196681+02:00" endTime="2026-07-11T00:41:50.9196682+02:00" testType="13cdc9d9-ddb5-4fa4-a97d-d965ccfc6d4b" outcome="Failed" testListId="8c84fa94-04c1-424b-9868-57a2d4851a1d" relativeResultsDirectory="a43b0eda-3d9c-48d5-9178-9cc274ec585f">
      <Output>
        <ErrorInfo>
          <Message>Assert.NotNull() Failure: Value is null</Message>
          <StackTrace>   at SoundFXStudio.UI.Tests.AddSoundDialogTests.AddSound_HasBrowseButton() in E:\Projects\SoundFX-Studio\SoundFXStudio.UI.Tests\AddSoundDialogTests.cs:line 58&#xD;
   at System.RuntimeMethodHandle.InvokeMethod(Object target, Void** arguments, Signature sig, Boolean isConstructor)&#xD;
   at System.Reflection.MethodBaseInvoker.InvokeWithNoArgs(Object obj, BindingFlags invokeAttr)</StackTrace>
        </ErrorInfo>
      </Output>
    </UnitTestResult>
    <UnitTestResult executionId="ab76b153-7e58-4230-960e-5818abe3b03e" testId="ad18676b-3dce-00b9-ac60-719bb9dce76d" testName="SoundFXStudio.UI.Tests.AddSoundDialogTests.AddSound_DialogOpens_WithTitle" computerName="MAKAVELI" duration="00:00:03.4700585" startTime="2026-07-11T00:41:34.8786255+02:00" endTime="2026-07-11T00:41:34.8786263+02:00" testType="13cdc9d9-ddb5-4fa4-a97d-d965ccfc6d4b" outcome="Passed" testListId="8c84fa94-04c1-424b-9868-57a2d4851a1d" relativeResultsDirectory="ab76b153-7e58-4230-960e-5818abe3b03e" />
  </Results>
  <TestDefinitions>
    <UnitTest name="SoundFXStudio.UI.Tests.AddSoundDialogTests.AddSound_DialogOpens_WithTitle" storage="e:\projects\soundfx-studio\soundfxstudio.ui.tests\bin\debug\net8.0-windows\soundfxstudio.ui.tests.dll" id="ad18676b-3dce-00b9-ac60-719bb9dce76d">
      <Execution id="ab76b153-7e58-4230-960e-5818abe3b03e" />
      <TestMethod codeBase="E:\Projects\SoundFX-Studio\SoundFXStudio.UI.Tests\bin\Debug\net8.0-windows\SoundFXStudio.UI.Tests.dll" adapterTypeName="executor://xunit/VsTestRunner2/netcoreapp" className="SoundFXStudio.UI.Tests.AddSoundDialogTests" name="AddSound_DialogOpens_WithTitle" />
    </UnitTest>
    <UnitTest name="SoundFXStudio.UI.Tests.AddSoundDialogTests.AddSound_HasNameTextBox" storage="e:\projects\soundfx-studio\soundfxstudio.ui.tests\bin\debug\net8.0-windows\soundfxstudio.ui.tests.dll" id="3aef9faa-21ba-8595-f291-aedc6af95e17">
      <Execution id="358c9d76-665b-40dc-8dc8-bc6415ad5988" />
      <TestMethod codeBase="E:\Projects\SoundFX-Studio\SoundFXStudio.UI.Tests\bin\Debug\net8.0-windows\SoundFXStudio.UI.Tests.dll" adapterTypeName="executor://xunit/VsTestRunner2/netcoreapp" className="SoundFXStudio.UI.Tests.AddSoundDialogTests" name="AddSound_HasNameTextBox" />
    </UnitTest>
    <UnitTest name="SoundFXStudio.UI.Tests.AddSoundDialogTests.AddSound_CancelClosesDialog" storage="e:\projects\soundfx-studio\soundfxstudio.ui.tests\bin\debug\net8.0-windows\soundfxstudio.ui.tests.dll" id="56a1d8ad-0e0b-0005-4ce6-b4548e368436">
      <Execution id="f67aa7e5-4fbf-42d6-b37c-5cb398fc560f" />
      <TestMethod codeBase="E:\Projects\SoundFX-Studio\SoundFXStudio.UI.Tests\bin\Debug\net8.0-windows\SoundFXStudio.UI.Tests.dll" adapterTypeName="executor://xunit/VsTestRunner2/netcoreapp" className="SoundFXStudio.UI.Tests.AddSoundDialogTests" name="AddSound_CancelClosesDialog" />
    </UnitTest>
    <UnitTest name="SoundFXStudio.UI.Tests.AddSoundDialogTests.AddSound_HasVolumeSlider" storage="e:\projects\soundfx-studio\soundfxstudio.ui.tests\bin\debug\net8.0-windows\soundfxstudio.ui.tests.dll" id="dff76364-4630-5bc6-0b9e-f1039082bace">
      <Execution id="c97f5351-6c3e-4670-81d4-ac4845e401b7" />
      <TestMethod codeBase="E:\Projects\SoundFX-Studio\SoundFXStudio.UI.Tests\bin\Debug\net8.0-windows\SoundFXStudio.UI.Tests.dll" adapterTypeName="executor://xunit/VsTestRunner2/netcoreapp" className="SoundFXStudio.UI.Tests.AddSoundDialogTests" name="AddSound_HasVolumeSlider" />
    </UnitTest>
    <UnitTest name="SoundFXStudio.UI.Tests.AddSoundDialogTests.AddSound_HasCategoryComboBox" storage="e:\projects\soundfx-studio\soundfxstudio.ui.tests\bin\debug\net8.0-windows\soundfxstudio.ui.tests.dll" id="0acf62e2-8fed-231d-588e-6be0c0d89766">
      <Execution id="4ac97183-4762-491b-b321-7c885faec879" />
      <TestMethod codeBase="E:\Projects\SoundFX-Studio\SoundFXStudio.UI.Tests\bin\Debug\net8.0-windows\SoundFXStudio.UI.Tests.dll" adapterTypeName="executor://xunit/VsTestRunner2/netcoreapp" className="SoundFXStudio.UI.Tests.AddSoundDialogTests" name="AddSound_HasCategoryComboBox" />
    </UnitTest>
    <UnitTest name="SoundFXStudio.UI.Tests.AddSoundDialogTests.AddSound_HasBrowseButton" storage="e:\projects\soundfx-studio\soundfxstudio.ui.tests\bin\debug\net8.0-windows\soundfxstudio.ui.tests.dll" id="1aa073ca-278b-64bf-34ce-723d409d42e4">
      <Execution id="a43b0eda-3d9c-48d5-9178-9cc274ec585f" />
      <TestMethod codeBase="E:\Projects\SoundFX-Studio\SoundFXStudio.UI.Tests\bin\Debug\net8.0-windows\SoundFXStudio.UI.Tests.dll" adapterTypeName="executor://xunit/VsTestRunner2/netcoreapp" className="SoundFXStudio.UI.Tests.AddSoundDialogTests" name="AddSound_HasBrowseButton" />
    </UnitTest>
    <UnitTest name="SoundFXStudio.UI.Tests.AddSoundDialogTests.AddSound_HasImageBrowseButton" storage="e:\projects\soundfx-studio\soundfxstudio.ui.tests\bin\debug\net8.0-windows\soundfxstudio.ui.tests.dll" id="a9a7f6c3-99b1-9151-7480-658e35bbaf17">
      <Execution id="81a5f19c-5682-4b8a-9a07-ac3f4388a518" />
      <TestMethod codeBase="E:\Projects\SoundFX-Studio\SoundFXStudio.UI.Tests\bin\Debug\net8.0-windows\SoundFXStudio.UI.Tests.dll" adapterTypeName="executor://xunit/VsTestRunner2/netcoreapp" className="SoundFXStudio.UI.Tests.AddSoundDialogTests" name="AddSound_HasImageBrowseButton" />
    </UnitTest>
    <UnitTest name="SoundFXStudio.UI.Tests.AddSoundDialogTests.AddSound_HasSaveAndCancelButtons" storage="e:\projects\soundfx-studio\soundfxstudio.ui.tests\bin\debug\net8.0-windows\soundfxstudio.ui.tests.dll" id="c85e3783-9282-693a-c1bb-d919132e460d">
      <Execution id="7da9fe80-d313-42b6-b083-6da710bc5463" />
      <TestMethod codeBase="E:\Projects\SoundFX-Studio\SoundFXStudio.UI.Tests\bin\Debug\net8.0-windows\SoundFXStudio.UI.Tests.dll" adapterTypeName="executor://xunit/VsTestRunner2/netcoreapp" className="SoundFXStudio.UI.Tests.AddSoundDialogTests" name="AddSound_HasSaveAndCancelButtons" />
    </UnitTest>
    <UnitTest name="SoundFXStudio.UI.Tests.AddSoundDialogTests.AddSound_HasFavoriteAndLoopCheckboxes" storage="e:\projects\soundfx-studio\soundfxstudio.ui.tests\bin\debug\net8.0-windows\soundfxstudio.ui.tests.dll" id="a6d873ba-7b95-f480-7dac-a2020f433772">
      <Execution id="c34ab368-8c5c-46c2-bb9d-b3a6a865a46e" />
      <TestMethod codeBase="E:\Projects\SoundFX-Studio\SoundFXStudio.UI.Tests\bin\Debug\net8.0-windows\SoundFXStudio.UI.Tests.dll" adapterTypeName="executor://xunit/VsTestRunner2/netcoreapp" className="SoundFXStudio.UI.Tests.AddSoundDialogTests" name="AddSound_HasFavoriteAndLoopCheckboxes" />
    </UnitTest>
    <UnitTest name="SoundFXStudio.UI.Tests.AddSoundDialogTests.AddSound_HasCloseXButton" storage="e:\projects\soundfx-studio\soundfxstudio.ui.tests\bin\debug\net8.0-windows\soundfxstudio.ui.tests.dll" id="6c2c5402-4454-2acb-6b28-248209587e84">
      <Execution id="adac8526-890a-4f13-a8f3-46a22b7eebe6" />
      <TestMethod codeBase="E:\Projects\SoundFX-Studio\SoundFXStudio.UI.Tests\bin\Debug\net8.0-windows\SoundFXStudio.UI.Tests.dll" adapterTypeName="executor://xunit/VsTestRunner2/netcoreapp" className="SoundFXStudio.UI.Tests.AddSoundDialogTests" name="AddSound_HasCloseXButton" />
    </UnitTest>
  </TestDefinitions>
  <TestEntries>
    <TestEntry testId="c85e3783-9282-693a-c1bb-d919132e460d" executionId="7da9fe80-d313-42b6-b083-6da710bc5463" testListId="8c84fa94-04c1-424b-9868-57a2d4851a1d" />
    <TestEntry testId="dff76364-4630-5bc6-0b9e-f1039082bace" executionId="c97f5351-6c3e-4670-81d4-ac4845e401b7" testListId="8c84fa94-04c1-424b-9868-57a2d4851a1d" />
    <TestEntry testId="56a1d8ad-0e0b-0005-4ce6-b4548e368436" executionId="f67aa7e5-4fbf-42d6-b37c-5cb398fc560f" testListId="8c84fa94-04c1-424b-9868-57a2d4851a1d" />
    <TestEntry testId="a6d873ba-7b95-f480-7dac-a2020f433772" executionId="c34ab368-8c5c-46c2-bb9d-b3a6a865a46e" testListId="8c84fa94-04c1-424b-9868-57a2d4851a1d" />
    <TestEntry testId="a9a7f6c3-99b1-9151-7480-658e35bbaf17" executionId="81a5f19c-5682-4b8a-9a07-ac3f4388a518" testListId="8c84fa94-04c1-424b-9868-57a2d4851a1d" />
    <TestEntry testId="3aef9faa-21ba-8595-f291-aedc6af95e17" executionId="358c9d76-665b-40dc-8dc8-bc6415ad5988" testListId="8c84fa94-04c1-424b-9868-57a2d4851a1d" />
    <TestEntry testId="6c2c5402-4454-2acb-6b28-248209587e84" executionId="adac8526-890a-4f13-a8f3-46a22b7eebe6" testListId="8c84fa94-04c1-424b-9868-57a2d4851a1d" />
    <TestEntry testId="0acf62e2-8fed-231d-588e-6be0c0d89766" executionId="4ac97183-4762-491b-b321-7c885faec879" testListId="8c84fa94-04c1-424b-9868-57a2d4851a1d" />
    <TestEntry testId="1aa073ca-278b-64bf-34ce-723d409d42e4" executionId="a43b0eda-3d9c-48d5-9178-9cc274ec585f" testListId="8c84fa94-04c1-424b-9868-57a2d4851a1d" />
    <TestEntry testId="ad18676b-3dce-00b9-ac60-719bb9dce76d" executionId="ab76b153-7e58-4230-960e-5818abe3b03e" testListId="8c84fa94-04c1-424b-9868-57a2d4851a1d" />
  </TestEntries>
  <TestLists>
    <TestList name="Results Not in a List" id="8c84fa94-04c1-424b-9868-57a2d4851a1d" />
    <TestList name="All Loaded Results" id="19431567-8539-422a-85d7-44ee4e166bda" />
  </TestLists>
  <ResultSummary outcome="Failed">
    <Counters total="10" executed="10" passed="7" failed="3" error="0" timeout="0" aborted="0" inconclusive="0" passedButRunAborted="0" notRunnable="0" notExecuted="0" disconnected="0" warning="0" completed="0" inProgress="0" pending="0" />
    <Output>
      <StdOut>[xUnit.net 00:00:00.00] xUnit.net VSTest Adapter v2.8.2+699d445a1a (64-bit .NET 8.0.28)&#xD;
[xUnit.net 00:00:00.05]   Discovering: SoundFXStudio.UI.Tests&#xD;
[xUnit.net 00:00:00.08]   Discovered:  SoundFXStudio.UI.Tests&#xD;
[xUnit.net 00:00:00.09]   Starting:    SoundFXStudio.UI.Tests&#xD;
[xUnit.net 00:00:10.78]       Dialog should have a volume slider&#xD;
[xUnit.net 00:00:10.78]       Stack Trace:&#xD;
[xUnit.net 00:00:10.78]         E:\Projects\SoundFX-Studio\SoundFXStudio.UI.Tests\AddSoundDialogTests.cs(116,0): at SoundFXStudio.UI.Tests.AddSoundDialogTests.AddSound_HasVolumeSlider()&#xD;
[xUnit.net 00:00:10.78]            at System.RuntimeMethodHandle.InvokeMethod(Object target, Void** arguments, Signature sig, Boolean isConstructor)&#xD;
[xUnit.net 00:00:10.78]            at System.Reflection.MethodBaseInvoker.InvokeWithNoArgs(Object obj, BindingFlags invokeAttr)&#xD;
[xUnit.net 00:00:21.67]       Assert.NotNull() Failure: Value is null&#xD;
[xUnit.net 00:00:21.67]       Stack Trace:&#xD;
[xUnit.net 00:00:21.67]         E:\Projects\SoundFX-Studio\SoundFXStudio.UI.Tests\AddSoundDialogTests.cs(130,0): at SoundFXStudio.UI.Tests.AddSoundDialogTests.AddSound_HasImageBrowseButton()&#xD;
[xUnit.net 00:00:21.67]            at System.RuntimeMethodHandle.InvokeMethod(Object target, Void** arguments, Signature sig, Boolean isConstructor)&#xD;
[xUnit.net 00:00:21.67]            at System.Reflection.MethodBaseInvoker.InvokeWithNoArgs(Object obj, BindingFlags invokeAttr)&#xD;
[xUnit.net 00:00:33.95]       Assert.NotNull() Failure: Value is null&#xD;
[xUnit.net 00:00:33.95]       Stack Trace:&#xD;
[xUnit.net 00:00:33.95]         E:\Projects\SoundFX-Studio\SoundFXStudio.UI.Tests\AddSoundDialogTests.cs(58,0): at SoundFXStudio.UI.Tests.AddSoundDialogTests.AddSound_HasBrowseButton()&#xD;
[xUnit.net 00:00:33.95]            at System.RuntimeMethodHandle.InvokeMethod(Object target, Void** arguments, Signature sig, Boolean isConstructor)&#xD;
[xUnit.net 00:00:33.95]            at System.Reflection.MethodBaseInvoker.InvokeWithNoArgs(Object obj, BindingFlags invokeAttr)&#xD;
Application failed to exit&#xD;
[xUnit.net 00:00:49.70]   Finished:    SoundFXStudio.UI.Tests&#xD;
</StdOut>
    </Output>
    <RunInfos>
      <RunInfo computerName="MAKAVELI" outcome="Error" timestamp="2026-07-11T00:41:27.7472134+02:00">
        <Text>[xUnit.net 00:00:10.78]     SoundFXStudio.UI.Tests.AddSoundDialogTests.AddSound_HasVolumeSlider [FAIL]</Text>
      </RunInfo>
      <RunInfo computerName="MAKAVELI" outcome="Error" timestamp="2026-07-11T00:41:38.6388260+02:00">
        <Text>[xUnit.net 00:00:21.67]     SoundFXStudio.UI.Tests.AddSoundDialogTests.AddSound_HasImageBrowseButton [FAIL]</Text>
      </RunInfo>
      <RunInfo computerName="MAKAVELI" outcome="Error" timestamp="2026-07-11T00:41:50.9196676+02:00">
        <Text>[xUnit.net 00:00:33.95]     SoundFXStudio.UI.Tests.AddSoundDialogTests.AddSound_HasBrowseButton [FAIL]</Text>
      </RunInfo>
    </RunInfos>
  </ResultSummary>
</TestRun>