<?xml version="1.0" encoding="utf-8"?>
<TestRun id="655ddbef-8e26-4079-84a3-772152d332d5" name="mmaha@MAKAVELI 2026-07-11 00:24:01" runUser="MAKAVELI\mmaha" xmlns="http://microsoft.com/schemas/VisualStudio/TeamTest/2010">
  <Times creation="2026-07-11T00:24:01.0512832+02:00" queuing="2026-07-11T00:24:01.0512835+02:00" start="2026-07-11T00:23:54.6970898+02:00" finish="2026-07-11T00:25:44.7894964+02:00" />
  <TestSettings name="default" id="ae7b9d79-b094-4b63-ac97-16b90232c9d9">
    <Deployment runDeploymentRoot="mmaha_MAKAVELI_2026-07-11_00_24_01" />
  </TestSettings>
  <Results>
    <UnitTestResult executionId="9f2094d7-a894-4687-b0d5-8b0281bbdaca" testId="a6d873ba-7b95-f480-7dac-a2020f433772" testName="SoundFXStudio.UI.Tests.AddSoundDialogTests.AddSound_HasFavoriteAndLoopCheckboxes" computerName="MAKAVELI" duration="00:00:02.0041823" startTime="2026-07-11T00:24:01.0236116+02:00" endTime="2026-07-11T00:24:01.0236243+02:00" testType="13cdc9d9-ddb5-4fa4-a97d-d965ccfc6d4b" outcome="Failed" testListId="8c84fa94-04c1-424b-9868-57a2d4851a1d" relativeResultsDirectory="9f2094d7-a894-4687-b0d5-8b0281bbdaca">
      <Output>
        <ErrorInfo>
          <Message>Assert.NotNull() Failure: Value is null</Message>
          <StackTrace>   at SoundFXStudio.UI.Tests.AddSoundDialogTests.OpenAddSoundDialog() in E:\Projects\SoundFX-Studio\SoundFXStudio.UI.Tests\AddSoundDialogTests.cs:line 27&#xD;
   at SoundFXStudio.UI.Tests.AddSoundDialogTests.AddSound_HasFavoriteAndLoopCheckboxes() in E:\Projects\SoundFX-Studio\SoundFXStudio.UI.Tests\AddSoundDialogTests.cs:line 101&#xD;
   at System.RuntimeMethodHandle.InvokeMethod(Object target, Void** arguments, Signature sig, Boolean isConstructor)&#xD;
   at System.Reflection.MethodBaseInvoker.InvokeWithNoArgs(Object obj, BindingFlags invokeAttr)</StackTrace>
        </ErrorInfo>
      </Output>
    </UnitTestResult>
    <UnitTestResult executionId="9f95cd2f-ca9b-427f-8267-f7fadcf8d239" testId="cdf27695-0aba-d4e8-2096-240ab7c02bbc" testName="SoundFXStudio.UI.Tests.SettingsTabTests.SettingsTab_HasGeneralSection" computerName="MAKAVELI" duration="00:00:00.7063665" startTime="2026-07-11T00:25:44.1242201+02:00" endTime="2026-07-11T00:25:44.1242204+02:00" testType="13cdc9d9-ddb5-4fa4-a97d-d965ccfc6d4b" outcome="Passed" testListId="8c84fa94-04c1-424b-9868-57a2d4851a1d" relativeResultsDirectory="9f95cd2f-ca9b-427f-8267-f7fadcf8d239" />
    <UnitTestResult executionId="597521b6-2eff-4556-8caf-34f2baebeafe" testId="20767dec-9af1-573d-bd6f-5ceeb2d9051e" testName="SoundFXStudio.UI.Tests.MainWindowTests.MainWindow_CanSwitchToTab(tabName: &quot;Settings&quot;)" computerName="MAKAVELI" duration="00:00:00.9462924" startTime="2026-07-11T00:24:59.9756574+02:00" endTime="2026-07-11T00:24:59.9756577+02:00" testType="13cdc9d9-ddb5-4fa4-a97d-d965ccfc6d4b" outcome="Passed" testListId="8c84fa94-04c1-424b-9868-57a2d4851a1d" relativeResultsDirectory="597521b6-2eff-4556-8caf-34f2baebeafe" />
    <UnitTestResult executionId="41e9d37f-910e-46bc-8621-43cad104872b" testId="a97f03b4-3647-587e-f51b-69b029a8c4d7" testName="SoundFXStudio.UI.Tests.KeyboardInteractionTests.Keyboard_HasSpecialKey(keyName: &quot;Escape&quot;)" computerName="MAKAVELI" duration="00:00:01.1037050" startTime="2026-07-11T00:24:19.5431860+02:00" endTime="2026-07-11T00:24:19.5431862+02:00" testType="13cdc9d9-ddb5-4fa4-a97d-d965ccfc6d4b" outcome="Failed" testListId="8c84fa94-04c1-424b-9868-57a2d4851a1d" relativeResultsDirectory="41e9d37f-910e-46bc-8621-43cad104872b">
      <Output>
        <ErrorInfo>
          <Message>Assert.NotNull() Failure: Value is null</Message>
          <StackTrace>   at SoundFXStudio.UI.Tests.KeyboardInteractionTests.Keyboard_HasSpecialKey(String keyName) in E:\Projects\SoundFX-Studio\SoundFXStudio.UI.Tests\KeyboardInteractionTests.cs:line 75&#xD;
   at System.RuntimeMethodHandle.InvokeMethod(Object target, Void** arguments, Signature sig, Boolean isConstructor)&#xD;
   at System.Reflection.MethodBaseInvoker.InvokeDirectByRefWithFewArgs(Object obj, Span`1 copyOfArgs, BindingFlags invokeAttr)</StackTrace>
        </ErrorInfo>
      </Output>
    </UnitTestResult>
    <UnitTestResult executionId="d8c91cc9-8ac7-47bf-90e0-b9f3990ef228" testId="23378c38-e2bf-be20-9860-1c7b73c5adba" testName="SoundFXStudio.UI.Tests.SettingsLayoutTests.Settings_HasOutputDeviceComboBox" computerName="MAKAVELI" duration="00:00:00.6898261" startTime="2026-07-11T00:25:38.6283870+02:00" endTime="2026-07-11T00:25:38.6283873+02:00" testType="13cdc9d9-ddb5-4fa4-a97d-d965ccfc6d4b" outcome="Passed" testListId="8c84fa94-04c1-424b-9868-57a2d4851a1d" relativeResultsDirectory="d8c91cc9-8ac7-47bf-90e0-b9f3990ef228" />
    <UnitTestResult executionId="5ec992a0-db82-4c3f-a8d0-db63b7b06ad6" testId="e88ec6ea-3d60-c346-4dff-d9316513f99c" testName="SoundFXStudio.UI.Tests.RoutingSetupTests.Routing_HasStatusText" computerName="MAKAVELI" duration="00:00:02.4434190" startTime="2026-07-11T00:25:22.8784766+02:00" endTime="2026-07-11T00:25:22.8784769+02:00" testType="13cdc9d9-ddb5-4fa4-a97d-d965ccfc6d4b" outcome="Passed" testListId="8c84fa94-04c1-424b-9868-57a2d4851a1d" relativeResultsDirectory="5ec992a0-db82-4c3f-a8d0-db63b7b06ad6" />
    <UnitTestResult executionId="6fae14d8-9abd-4269-9119-bc016f63d1fd" testId="caeaeabe-958b-b2fc-1254-d77b7eda3c63" testName="SoundFXStudio.UI.Tests.LibraryCRUDTests.Library_HasFavoritesCheckbox" computerName="MAKAVELI" duration="00:00:01.6055114" startTime="2026-07-11T00:24:39.9323532+02:00" endTime="2026-07-11T00:24:39.9323534+02:00" testType="13cdc9d9-ddb5-4fa4-a97d-d965ccfc6d4b" outcome="Failed" testListId="8c84fa94-04c1-424b-9868-57a2d4851a1d" relativeResultsDirectory="6fae14d8-9abd-4269-9119-bc016f63d1fd">
      <Output>
        <ErrorInfo>
          <Message>Library should have favorites checkbox</Message>
          <StackTrace>   at SoundFXStudio.UI.Tests.LibraryCRUDTests.Library_HasFavoritesCheckbox() in E:\Projects\SoundFX-Studio\SoundFXStudio.UI.Tests\LibraryCRUDTests.cs:line 89&#xD;
   at System.RuntimeMethodHandle.InvokeMethod(Object target, Void** arguments, Signature sig, Boolean isConstructor)&#xD;
   at System.Reflection.MethodBaseInvoker.InvokeWithNoArgs(Object obj, BindingFlags invokeAttr)</StackTrace>
        </ErrorInfo>
      </Output>
    </UnitTestResult>
    <UnitTestResult executionId="c417aaaf-d214-4265-b8e2-dbe30c078df9" testId="18172d91-c022-ace6-a2c1-6c3730654789" testName="SoundFXStudio.UI.Tests.KeyboardTabTests.KeyboardTab_HasKeyboardBackgroundImage" computerName="MAKAVELI" duration="00:00:01.9897533" startTime="2026-07-11T00:24:33.9875066+02:00" endTime="2026-07-11T00:24:33.9875069+02:00" testType="13cdc9d9-ddb5-4fa4-a97d-d965ccfc6d4b" outcome="Passed" testListId="8c84fa94-04c1-424b-9868-57a2d4851a1d" relativeResultsDirectory="c417aaaf-d214-4265-b8e2-dbe30c078df9" />
    <UnitTestResult executionId="cdd006be-034d-40e1-ba0c-8d247066422c" testId="a22c915c-ac1c-5ed2-5400-6dfa4cd620b7" testName="SoundFXStudio.UI.Tests.SettingsTabTests.SettingsTab_HasAudioDevicesSection" computerName="MAKAVELI" duration="00:00:00.6745757" startTime="2026-07-11T00:25:43.4177876+02:00" endTime="2026-07-11T00:25:43.4177878+02:00" testType="13cdc9d9-ddb5-4fa4-a97d-d965ccfc6d4b" outcome="Passed" testListId="8c84fa94-04c1-424b-9868-57a2d4851a1d" relativeResultsDirectory="cdd006be-034d-40e1-ba0c-8d247066422c" />
    <UnitTestResult executionId="69d6c3a7-ff70-4a46-b0a3-63fe2952b1b5" testId="72055591-06ae-0a86-a4d5-c42da66dd3ac" testName="SoundFXStudio.UI.Tests.SettingsLayoutTests.Settings_HasGeneralSection" computerName="MAKAVELI" duration="00:00:00.6964013" startTime="2026-07-11T00:25:37.2320362+02:00" endTime="2026-07-11T00:25:37.2320374+02:00" testType="13cdc9d9-ddb5-4fa4-a97d-d965ccfc6d4b" outcome="Passed" testListId="8c84fa94-04c1-424b-9868-57a2d4851a1d" relativeResultsDirectory="69d6c3a7-ff70-4a46-b0a3-63fe2952b1b5" />
    <UnitTestResult executionId="5c04f97f-9e23-47c2-becd-a3f5919ac40b" testId="05ce7810-e539-f8dc-0a66-f20fc90f3aad" testName="SoundFXStudio.UI.Tests.RoutingTabTests.RoutingTab_HasSetupWizardButton" computerName="MAKAVELI" duration="00:00:00.6821526" startTime="2026-07-11T00:25:35.8321212+02:00" endTime="2026-07-11T00:25:35.8321215+02:00" testType="13cdc9d9-ddb5-4fa4-a97d-d965ccfc6d4b" outcome="Passed" testListId="8c84fa94-04c1-424b-9868-57a2d4851a1d" relativeResultsDirectory="5c04f97f-9e23-47c2-becd-a3f5919ac40b" />
    <UnitTestResult executionId="408953c8-5b04-4c6d-a2d6-5e1a1e61bcca" testId="8058fd7b-0c85-ce60-e672-c4e73fa092b2" testName="SoundFXStudio.UI.Tests.RoutingSetupTests.Routing_HasWindowsSoundButton" computerName="MAKAVELI" duration="00:00:02.1199585" startTime="2026-07-11T00:25:28.5380014+02:00" endTime="2026-07-11T00:25:28.5380016+02:00" testType="13cdc9d9-ddb5-4fa4-a97d-d965ccfc6d4b" outcome="Failed" testListId="8c84fa94-04c1-424b-9868-57a2d4851a1d" relativeResultsDirectory="408953c8-5b04-4c6d-a2d6-5e1a1e61bcca">
      <Output>
        <ErrorInfo>
          <Message>Assert.NotNull() Failure: Value is null</Message>
          <StackTrace>   at SoundFXStudio.UI.Tests.RoutingSetupTests.Routing_HasWindowsSoundButton() in E:\Projects\SoundFX-Studio\SoundFXStudio.UI.Tests\RoutingSetupTests.cs:line 97&#xD;
   at System.RuntimeMethodHandle.InvokeMethod(Object target, Void** arguments, Signature sig, Boolean isConstructor)&#xD;
   at System.Reflection.MethodBaseInvoker.InvokeWithNoArgs(Object obj, BindingFlags invokeAttr)</StackTrace>
        </ErrorInfo>
      </Output>
    </UnitTestResult>
    <UnitTestResult executionId="cacee18c-cd7c-46f0-8d10-a8b5f167a036" testId="160089d3-70c8-ba92-218a-4a20da9f71df" testName="SoundFXStudio.UI.Tests.KeyboardTabTests.KeyboardTab_ShowsKeyboardButtons" computerName="MAKAVELI" duration="00:00:01.0646857" startTime="2026-07-11T00:24:31.9976198+02:00" endTime="2026-07-11T00:24:31.9976201+02:00" testType="13cdc9d9-ddb5-4fa4-a97d-d965ccfc6d4b" outcome="Passed" testListId="8c84fa94-04c1-424b-9868-57a2d4851a1d" relativeResultsDirectory="cacee18c-cd7c-46f0-8d10-a8b5f167a036" />
    <UnitTestResult executionId="ef0a9ea7-9869-438b-bbde-b8e4ad6783cd" testId="494e2276-9a83-b96c-a660-e036b01f793d" testName="SoundFXStudio.UI.Tests.KeyboardInteractionTests.Keyboard_HasSpecialKey(keyName: &quot;Enter&quot;)" computerName="MAKAVELI" duration="00:00:01.1913178" startTime="2026-07-11T00:24:22.6005756+02:00" endTime="2026-07-11T00:24:22.6005757+02:00" testType="13cdc9d9-ddb5-4fa4-a97d-d965ccfc6d4b" outcome="Failed" testListId="8c84fa94-04c1-424b-9868-57a2d4851a1d" relativeResultsDirectory="ef0a9ea7-9869-438b-bbde-b8e4ad6783cd">
      <Output>
        <ErrorInfo>
          <Message>Assert.NotNull() Failure: Value is null</Message>
          <StackTrace>   at SoundFXStudio.UI.Tests.KeyboardInteractionTests.Keyboard_HasSpecialKey(String keyName) in E:\Projects\SoundFX-Studio\SoundFXStudio.UI.Tests\KeyboardInteractionTests.cs:line 75&#xD;
   at InvokeStub_KeyboardInteractionTests.Keyboard_HasSpecialKey(Object, Span`1)&#xD;
   at System.Reflection.MethodBaseInvoker.InvokeWithOneArg(Object obj, BindingFlags invokeAttr, Binder binder, Object[] parameters, CultureInfo culture)</StackTrace>
        </ErrorInfo>
      </Output>
    </UnitTestResult>
    <UnitTestResult executionId="1f6c4dec-e02d-4844-9269-d3069bfdd3e6" testId="69159db7-f94d-2208-6066-3d357ef4f201" testName="SoundFXStudio.UI.Tests.KeyboardInteractionTests.Keyboard_HasKeyboardBackgroundImage" computerName="MAKAVELI" duration="00:00:01.8588052" startTime="2026-07-11T00:24:25.9591767+02:00" endTime="2026-07-11T00:24:25.9591769+02:00" testType="13cdc9d9-ddb5-4fa4-a97d-d965ccfc6d4b" outcome="Passed" testListId="8c84fa94-04c1-424b-9868-57a2d4851a1d" relativeResultsDirectory="1f6c4dec-e02d-4844-9269-d3069bfdd3e6" />
    <UnitTestResult executionId="bdae82c7-5ed6-4509-a8bd-9082e4fc7756" testId="67fc7a88-e261-7f43-e59a-2eb54f8b8bcf" testName="SoundFXStudio.UI.Tests.PresetsTabTests.PresetsTab_HasSearchBox" computerName="MAKAVELI" duration="00:00:01.5711234" startTime="2026-07-11T00:25:06.2141057+02:00" endTime="2026-07-11T00:25:06.2141059+02:00" testType="13cdc9d9-ddb5-4fa4-a97d-d965ccfc6d4b" outcome="Failed" testListId="8c84fa94-04c1-424b-9868-57a2d4851a1d" relativeResultsDirectory="bdae82c7-5ed6-4509-a8bd-9082e4fc7756">
      <Output>
        <ErrorInfo>
          <Message>Presets tab should have a search box</Message>
          <StackTrace>   at SoundFXStudio.UI.Tests.PresetsTabTests.PresetsTab_HasSearchBox() in E:\Projects\SoundFX-Studio\SoundFXStudio.UI.Tests\PresetsTabTests.cs:line 51&#xD;
   at System.RuntimeMethodHandle.InvokeMethod(Object target, Void** arguments, Signature sig, Boolean isConstructor)&#xD;
   at System.Reflection.MethodBaseInvoker.InvokeWithNoArgs(Object obj, BindingFlags invokeAttr)</StackTrace>
        </ErrorInfo>
      </Output>
    </UnitTestResult>
    <UnitTestResult executionId="aed0202b-84f3-42d4-a0a4-b14c58dac2b4" testId="6abcafe5-4c77-b9ee-4766-a02c88d29c30" testName="SoundFXStudio.UI.Tests.LibraryCRUDTests.Library_HasCategoryFilter" computerName="MAKAVELI" duration="00:00:02.6654087" startTime="2026-07-11T00:24:38.3263873+02:00" endTime="2026-07-11T00:24:38.3263877+02:00" testType="13cdc9d9-ddb5-4fa4-a97d-d965ccfc6d4b" outcome="Passed" testListId="8c84fa94-04c1-424b-9868-57a2d4851a1d" relativeResultsDirectory="aed0202b-84f3-42d4-a0a4-b14c58dac2b4" />
    <UnitTestResult executionId="8644cc85-10ae-40f7-994c-125c878bcdec" testId="d56dd766-1683-9176-4170-dc4e45c58cde" testName="SoundFXStudio.UI.Tests.KeyboardInteractionTests.Keyboard_HasSpecialKey(keyName: &quot;Space&quot;)" computerName="MAKAVELI" duration="00:00:01.4992642" startTime="2026-07-11T00:24:24.1000264+02:00" endTime="2026-07-11T00:24:24.1000265+02:00" testType="13cdc9d9-ddb5-4fa4-a97d-d965ccfc6d4b" outcome="Failed" testListId="8c84fa94-04c1-424b-9868-57a2d4851a1d" relativeResultsDirectory="8644cc85-10ae-40f7-994c-125c878bcdec">
      <Output>
        <ErrorInfo>
          <Message>Assert.NotNull() Failure: Value is null</Message>
          <StackTrace>   at SoundFXStudio.UI.Tests.KeyboardInteractionTests.Keyboard_HasSpecialKey(String keyName) in E:\Projects\SoundFX-Studio\SoundFXStudio.UI.Tests\KeyboardInteractionTests.cs:line 75&#xD;
   at InvokeStub_KeyboardInteractionTests.Keyboard_HasSpecialKey(Object, Span`1)&#xD;
   at System.Reflection.MethodBaseInvoker.InvokeWithOneArg(Object obj, BindingFlags invokeAttr, Binder binder, Object[] parameters, CultureInfo culture)</StackTrace>
        </ErrorInfo>
      </Output>
    </UnitTestResult>
    <UnitTestResult executionId="9b1b672a-3533-4a6a-bc34-c6b527b599bc" testId="9e02a724-0719-3ebf-bfed-7cd6f9daaf42" testName="SoundFXStudio.UI.Tests.MainWindowTests.MainWindow_TabHeaders_ContainExpectedNames" computerName="MAKAVELI" duration="00:00:00.4251842" startTime="2026-07-11T00:25:00.4010099+02:00" endTime="2026-07-11T00:25:00.4010104+02:00" testType="13cdc9d9-ddb5-4fa4-a97d-d965ccfc6d4b" outcome="Passed" testListId="8c84fa94-04c1-424b-9868-57a2d4851a1d" relativeResultsDirectory="9b1b672a-3533-4a6a-bc34-c6b527b599bc" />
    <UnitTestResult executionId="43d69cfe-606c-466f-9969-c80d9dba42b1" testId="53b7b561-dabe-601e-8ac6-e75e8cc2479b" testName="SoundFXStudio.UI.Tests.MainWindowTests.MainWindow_CanSwitchToTab(tabName: &quot;Keyboard&quot;)" computerName="MAKAVELI" duration="00:00:00.4834585" startTime="2026-07-11T00:24:55.5055597+02:00" endTime="2026-07-11T00:24:55.5055599+02:00" testType="13cdc9d9-ddb5-4fa4-a97d-d965ccfc6d4b" outcome="Passed" testListId="8c84fa94-04c1-424b-9868-57a2d4851a1d" relativeResultsDirectory="43d69cfe-606c-466f-9969-c80d9dba42b1" />
    <UnitTestResult executionId="a797b1f2-f19d-4e73-a55c-fad9ce2d2a70" testId="87201fef-d0a0-b3c4-6c17-e5f8084b1671" testName="SoundFXStudio.UI.Tests.PresetsTabTests.PresetsTab_HasNewButton" computerName="MAKAVELI" duration="00:00:01.9718174" startTime="2026-07-11T00:25:04.6427987+02:00" endTime="2026-07-11T00:25:04.6427989+02:00" testType="13cdc9d9-ddb5-4fa4-a97d-d965ccfc6d4b" outcome="Failed" testListId="8c84fa94-04c1-424b-9868-57a2d4851a1d" relativeResultsDirectory="a797b1f2-f19d-4e73-a55c-fad9ce2d2a70">
      <Output>
        <ErrorInfo>
          <Message>Assert.NotNull() Failure: Value is null</Message>
          <StackTrace>   at SoundFXStudio.UI.Tests.PresetsTabTests.PresetsTab_HasNewButton() in E:\Projects\SoundFX-Studio\SoundFXStudio.UI.Tests\PresetsTabTests.cs:line 42&#xD;
   at System.RuntimeMethodHandle.InvokeMethod(Object target, Void** arguments, Signature sig, Boolean isConstructor)&#xD;
   at System.Reflection.MethodBaseInvoker.InvokeWithNoArgs(Object obj, BindingFlags invokeAttr)</StackTrace>
        </ErrorInfo>
      </Output>
    </UnitTestResult>
    <UnitTestResult executionId="165d63c1-8140-4ac0-a546-b35007bfb0e9" testId="14a6d9ce-4427-75c2-ed4b-bbc6f5f109c0" testName="SoundFXStudio.UI.Tests.KeyboardInteractionTests.Keyboard_HasManyKeyButtons" computerName="MAKAVELI" duration="00:00:01.4818655" startTime="2026-07-11T00:24:27.4407479+02:00" endTime="2026-07-11T00:24:27.4407485+02:00" testType="13cdc9d9-ddb5-4fa4-a97d-d965ccfc6d4b" outcome="Passed" testListId="8c84fa94-04c1-424b-9868-57a2d4851a1d" relativeResultsDirectory="165d63c1-8140-4ac0-a546-b35007bfb0e9" />
    <UnitTestResult executionId="fc3f0e93-1c0e-4738-9bb8-2f2f0bb465b8" testId="0d0e4bd4-cf95-8b51-9898-ae8fb8ed214b" testName="SoundFXStudio.UI.Tests.SettingsLayoutTests.Settings_HasScrollableContent" computerName="MAKAVELI" duration="00:00:00.7063606" startTime="2026-07-11T00:25:37.9384833+02:00" endTime="2026-07-11T00:25:37.9384836+02:00" testType="13cdc9d9-ddb5-4fa4-a97d-d965ccfc6d4b" outcome="Passed" testListId="8c84fa94-04c1-424b-9868-57a2d4851a1d" relativeResultsDirectory="fc3f0e93-1c0e-4738-9bb8-2f2f0bb465b8" />
    <UnitTestResult executionId="52e7f22a-6934-4d6a-8e14-d349573d1592" testId="3e0ae3d5-8c9a-00bf-3065-c17e7c89c150" testName="SoundFXStudio.UI.Tests.RoutingSetupTests.Routing_OutputCombo_HasDevices" computerName="MAKAVELI" duration="00:00:01.5341076" startTime="2026-07-11T00:25:30.0723525+02:00" endTime="2026-07-11T00:25:30.0723527+02:00" testType="13cdc9d9-ddb5-4fa4-a97d-d965ccfc6d4b" outcome="Failed" testListId="8c84fa94-04c1-424b-9868-57a2d4851a1d" relativeResultsDirectory="52e7f22a-6934-4d6a-8e14-d349573d1592">
      <Output>
        <ErrorInfo>
          <Message>Output combo should have device items</Message>
          <StackTrace>   at SoundFXStudio.UI.Tests.RoutingSetupTests.Routing_OutputCombo_HasDevices() in E:\Projects\SoundFX-Studio\SoundFXStudio.UI.Tests\RoutingSetupTests.cs:line 42&#xD;
   at System.RuntimeMethodHandle.InvokeMethod(Object target, Void** arguments, Signature sig, Boolean isConstructor)&#xD;
   at System.Reflection.MethodBaseInvoker.InvokeWithNoArgs(Object obj, BindingFlags invokeAttr)</StackTrace>
        </ErrorInfo>
      </Output>
    </UnitTestResult>
    <UnitTestResult executionId="6e58ef8f-2642-4c5d-8e18-fec3a510c27c" testId="c3b27b3f-e497-efa1-587c-762ea9884036" testName="SoundFXStudio.UI.Tests.LibraryTabTests.LibraryTab_HasDeleteButton" computerName="MAKAVELI" duration="00:00:02.0080388" startTime="2026-07-11T00:24:49.9580758+02:00" endTime="2026-07-11T00:24:49.9580761+02:00" testType="13cdc9d9-ddb5-4fa4-a97d-d965ccfc6d4b" outcome="Failed" testListId="8c84fa94-04c1-424b-9868-57a2d4851a1d" relativeResultsDirectory="6e58ef8f-2642-4c5d-8e18-fec3a510c27c">
      <Output>
        <ErrorInfo>
          <Message>Assert.NotNull() Failure: Value is null</Message>
          <StackTrace>   at SoundFXStudio.UI.Tests.LibraryTabTests.LibraryTab_HasDeleteButton() in E:\Projects\SoundFX-Studio\SoundFXStudio.UI.Tests\LibraryTabTests.cs:line 62&#xD;
   at System.RuntimeMethodHandle.InvokeMethod(Object target, Void** arguments, Signature sig, Boolean isConstructor)&#xD;
   at System.Reflection.MethodBaseInvoker.InvokeWithNoArgs(Object obj, BindingFlags invokeAttr)</StackTrace>
        </ErrorInfo>
      </Output>
    </UnitTestResult>
    <UnitTestResult executionId="6342c628-8ddf-453a-96d5-a3f78ae2ae59" testId="6da62e4e-5c8b-8a1d-a0ee-924ac3aeba57" testName="SoundFXStudio.UI.Tests.ProfileSwitchingTests.Presets_CanSelectProfile" computerName="MAKAVELI" duration="00:00:02.2261509" startTime="2026-07-11T00:25:13.0453354+02:00" endTime="2026-07-11T00:25:13.0453361+02:00" testType="13cdc9d9-ddb5-4fa4-a97d-d965ccfc6d4b" outcome="Failed" testListId="8c84fa94-04c1-424b-9868-57a2d4851a1d" relativeResultsDirectory="6342c628-8ddf-453a-96d5-a3f78ae2ae59">
      <Output>
        <ErrorInfo>
          <Message>Assert.True() Failure&#xD;
Expected: True&#xD;
Actual:   False</Message>
          <StackTrace>   at SoundFXStudio.UI.Tests.ProfileSwitchingTests.Presets_CanSelectProfile() in E:\Projects\SoundFX-Studio\SoundFXStudio.UI.Tests\ProfileSwitchingTests.cs:line 55&#xD;
   at System.RuntimeMethodHandle.InvokeMethod(Object target, Void** arguments, Signature sig, Boolean isConstructor)&#xD;
   at System.Reflection.MethodBaseInvoker.InvokeWithNoArgs(Object obj, BindingFlags invokeAttr)</StackTrace>
        </ErrorInfo>
      </Output>
    </UnitTestResult>
    <UnitTestResult executionId="a00a2c83-b43c-4198-bb9e-af727864f63c" testId="c4658af9-3e70-aa02-6c39-712e1d65fb85" testName="SoundFXStudio.UI.Tests.RoutingSetupTests.Routing_HasOutputComboBox" computerName="MAKAVELI" duration="00:00:01.5515750" startTime="2026-07-11T00:25:26.4176435+02:00" endTime="2026-07-11T00:25:26.4176438+02:00" testType="13cdc9d9-ddb5-4fa4-a97d-d965ccfc6d4b" outcome="Passed" testListId="8c84fa94-04c1-424b-9868-57a2d4851a1d" relativeResultsDirectory="a00a2c83-b43c-4198-bb9e-af727864f63c" />
    <UnitTestResult executionId="9ae4785c-e3af-4008-aa0a-7224234b22d2" testId="80f78b32-5128-04b2-4cae-80e37032ba06" testName="SoundFXStudio.UI.Tests.LibraryCRUDTests.Library_SearchBox_FiltersSounds" computerName="MAKAVELI" duration="00:00:01.5861551" startTime="2026-07-11T00:24:46.3045881+02:00" endTime="2026-07-11T00:24:46.3045883+02:00" testType="13cdc9d9-ddb5-4fa4-a97d-d965ccfc6d4b" outcome="Failed" testListId="8c84fa94-04c1-424b-9868-57a2d4851a1d" relativeResultsDirectory="9ae4785c-e3af-4008-aa0a-7224234b22d2">
      <Output>
        <ErrorInfo>
          <Message>Assert.NotNull() Failure: Value is null</Message>
          <StackTrace>   at SoundFXStudio.UI.Tests.LibraryCRUDTests.Library_SearchBox_FiltersSounds() in E:\Projects\SoundFX-Studio\SoundFXStudio.UI.Tests\LibraryCRUDTests.cs:line 101&#xD;
   at System.RuntimeMethodHandle.InvokeMethod(Object target, Void** arguments, Signature sig, Boolean isConstructor)&#xD;
   at System.Reflection.MethodBaseInvoker.InvokeWithNoArgs(Object obj, BindingFlags invokeAttr)</StackTrace>
        </ErrorInfo>
      </Output>
    </UnitTestResult>
    <UnitTestResult executionId="0444d14a-7ac2-4f1e-b1d1-32fbb5bd8c80" testId="2490789b-dc18-7b16-3718-cd000c5d9938" testName="SoundFXStudio.UI.Tests.SettingsLayoutTests.Settings_HasSetupWizardButton" computerName="MAKAVELI" duration="00:00:00.6749007" startTime="2026-07-11T00:25:39.9986975+02:00" endTime="2026-07-11T00:25:39.9986977+02:00" testType="13cdc9d9-ddb5-4fa4-a97d-d965ccfc6d4b" outcome="Passed" testListId="8c84fa94-04c1-424b-9868-57a2d4851a1d" relativeResultsDirectory="0444d14a-7ac2-4f1e-b1d1-32fbb5bd8c80" />
    <UnitTestResult executionId="9e967456-8416-45c5-a602-68e17fb0aeec" testId="0acf62e2-8fed-231d-588e-6be0c0d89766" testName="SoundFXStudio.UI.Tests.AddSoundDialogTests.AddSound_HasCategoryComboBox" computerName="MAKAVELI" duration="00:00:02.0814554" startTime="2026-07-11T00:24:11.2087698+02:00" endTime="2026-07-11T00:24:11.2087699+02:00" testType="13cdc9d9-ddb5-4fa4-a97d-d965ccfc6d4b" outcome="Failed" testListId="8c84fa94-04c1-424b-9868-57a2d4851a1d" relativeResultsDirectory="9e967456-8416-45c5-a602-68e17fb0aeec">
      <Output>
        <ErrorInfo>
          <Message>Assert.NotNull() Failure: Value is null</Message>
          <StackTrace>   at SoundFXStudio.UI.Tests.AddSoundDialogTests.OpenAddSoundDialog() in E:\Projects\SoundFX-Studio\SoundFXStudio.UI.Tests\AddSoundDialogTests.cs:line 27&#xD;
   at SoundFXStudio.UI.Tests.AddSoundDialogTests.AddSound_HasCategoryComboBox() in E:\Projects\SoundFX-Studio\SoundFXStudio.UI.Tests\AddSoundDialogTests.cs:line 72&#xD;
   at System.RuntimeMethodHandle.InvokeMethod(Object target, Void** arguments, Signature sig, Boolean isConstructor)&#xD;
   at System.Reflection.MethodBaseInvoker.InvokeWithNoArgs(Object obj, BindingFlags invokeAttr)</StackTrace>
        </ErrorInfo>
      </Output>
    </UnitTestResult>
    <UnitTestResult executionId="5ebb0506-110a-4f53-8253-70ae84dcde52" testId="a35854ea-f2b9-8685-a8da-a922a108db66" testName="SoundFXStudio.UI.Tests.RoutingTabTests.RoutingTab_HasStatusCards" computerName="MAKAVELI" duration="00:00:01.1866604" startTime="2026-07-11T00:25:34.4548064+02:00" endTime="2026-07-11T00:25:34.4548067+02:00" testType="13cdc9d9-ddb5-4fa4-a97d-d965ccfc6d4b" outcome="Passed" testListId="8c84fa94-04c1-424b-9868-57a2d4851a1d" relativeResultsDirectory="5ebb0506-110a-4f53-8253-70ae84dcde52" />
    <UnitTestResult executionId="31aee41d-2b64-48cc-b954-ea1afa4e79cd" testId="8bf11341-8160-ca59-93f5-94531d4628d4" testName="SoundFXStudio.UI.Tests.KeyboardInteractionTests.Keyboard_KeyButtons_HaveNames" computerName="MAKAVELI" duration="00:00:01.5787700" startTime="2026-07-11T00:24:29.0200255+02:00" endTime="2026-07-11T00:24:29.0200256+02:00" testType="13cdc9d9-ddb5-4fa4-a97d-d965ccfc6d4b" outcome="Failed" testListId="8c84fa94-04c1-424b-9868-57a2d4851a1d" relativeResultsDirectory="31aee41d-2b64-48cc-b954-ea1afa4e79cd">
      <Output>
        <ErrorInfo>
          <Message>Key buttons should have accessible names</Message>
          <StackTrace>   at SoundFXStudio.UI.Tests.KeyboardInteractionTests.Keyboard_KeyButtons_HaveNames() in E:\Projects\SoundFX-Studio\SoundFXStudio.UI.Tests\KeyboardInteractionTests.cs:line 60&#xD;
   at System.RuntimeMethodHandle.InvokeMethod(Object target, Void** arguments, Signature sig, Boolean isConstructor)&#xD;
   at System.Reflection.MethodBaseInvoker.InvokeWithNoArgs(Object obj, BindingFlags invokeAttr)</StackTrace>
        </ErrorInfo>
      </Output>
    </UnitTestResult>
    <UnitTestResult executionId="c30a6e97-445d-48a8-b44a-f05fc0063796" testId="27957513-6d0d-77b5-b504-de8e6aa7d69c" testName="SoundFXStudio.UI.Tests.ProfileSwitchingTests.WindowTitle_UpdatesWithProfile" computerName="MAKAVELI" duration="00:00:02.9395633" startTime="2026-07-11T00:25:18.1676927+02:00" endTime="2026-07-11T00:25:18.1676930+02:00" testType="13cdc9d9-ddb5-4fa4-a97d-d965ccfc6d4b" outcome="Passed" testListId="8c84fa94-04c1-424b-9868-57a2d4851a1d" relativeResultsDirectory="c30a6e97-445d-48a8-b44a-f05fc0063796" />
    <UnitTestResult executionId="6748f8c8-f472-4e9d-9340-ed07667f5989" testId="6d069a29-70f8-1ba4-a7b5-0acb1b9ff5f1" testName="SoundFXStudio.UI.Tests.SettingsLayoutTests.Settings_HasKeyboardShortcutsSection" computerName="MAKAVELI" duration="00:00:00.6952864" startTime="2026-07-11T00:25:39.3237293+02:00" endTime="2026-07-11T00:25:39.3237296+02:00" testType="13cdc9d9-ddb5-4fa4-a97d-d965ccfc6d4b" outcome="Passed" testListId="8c84fa94-04c1-424b-9868-57a2d4851a1d" relativeResultsDirectory="6748f8c8-f472-4e9d-9340-ed07667f5989" />
    <UnitTestResult executionId="7e708b7d-db97-4714-962d-73d98cb13f1d" testId="6e676d00-adc4-bd94-0dd7-f4af7e06d34a" testName="SoundFXStudio.UI.Tests.KeyboardInteractionTests.Keyboard_HasViewbox" computerName="MAKAVELI" duration="00:00:01.9127330" startTime="2026-07-11T00:24:30.9327404+02:00" endTime="2026-07-11T00:24:30.9327407+02:00" testType="13cdc9d9-ddb5-4fa4-a97d-d965ccfc6d4b" outcome="Passed" testListId="8c84fa94-04c1-424b-9868-57a2d4851a1d" relativeResultsDirectory="7e708b7d-db97-4714-962d-73d98cb13f1d" />
    <UnitTestResult executionId="15874011-ffcb-419f-b3a1-1e4ad26123bd" testId="ff05629c-855e-49a5-2f1f-0e470894d7e3" testName="SoundFXStudio.UI.Tests.PresetsTabTests.PresetsTab_HasProfilesList" computerName="MAKAVELI" duration="00:00:01.7201145" startTime="2026-07-11T00:25:02.6705413+02:00" endTime="2026-07-11T00:25:02.6705416+02:00" testType="13cdc9d9-ddb5-4fa4-a97d-d965ccfc6d4b" outcome="Passed" testListId="8c84fa94-04c1-424b-9868-57a2d4851a1d" relativeResultsDirectory="15874011-ffcb-419f-b3a1-1e4ad26123bd" />
    <UnitTestResult executionId="04a69cf0-dc1a-41e8-8c7a-b6d4c0eef913" testId="1b8e72da-8364-7bd9-1da6-b8a074c759e6" testName="SoundFXStudio.UI.Tests.LibraryCRUDTests.Library_HasToolbarButtons" computerName="MAKAVELI" duration="00:00:01.6449058" startTime="2026-07-11T00:24:47.9493789+02:00" endTime="2026-07-11T00:24:47.9493792+02:00" testType="13cdc9d9-ddb5-4fa4-a97d-d965ccfc6d4b" outcome="Passed" testListId="8c84fa94-04c1-424b-9868-57a2d4851a1d" relativeResultsDirectory="04a69cf0-dc1a-41e8-8c7a-b6d4c0eef913" />
    <UnitTestResult executionId="226b4fd2-63ad-4945-914c-8a1a662fa86b" testId="c85e3783-9282-693a-c1bb-d919132e460d" testName="SoundFXStudio.UI.Tests.AddSoundDialogTests.AddSound_HasSaveAndCancelButtons" computerName="MAKAVELI" duration="00:00:01.8904820" startTime="2026-07-11T00:24:04.9605437+02:00" endTime="2026-07-11T00:24:04.9605438+02:00" testType="13cdc9d9-ddb5-4fa4-a97d-d965ccfc6d4b" outcome="Failed" testListId="8c84fa94-04c1-424b-9868-57a2d4851a1d" relativeResultsDirectory="226b4fd2-63ad-4945-914c-8a1a662fa86b">
      <Output>
        <ErrorInfo>
          <Message>Assert.NotNull() Failure: Value is null</Message>
          <StackTrace>   at SoundFXStudio.UI.Tests.AddSoundDialogTests.OpenAddSoundDialog() in E:\Projects\SoundFX-Studio\SoundFXStudio.UI.Tests\AddSoundDialogTests.cs:line 27&#xD;
   at SoundFXStudio.UI.Tests.AddSoundDialogTests.AddSound_HasSaveAndCancelButtons() in E:\Projects\SoundFX-Studio\SoundFXStudio.UI.Tests\AddSoundDialogTests.cs:line 85&#xD;
   at System.RuntimeMethodHandle.InvokeMethod(Object target, Void** arguments, Signature sig, Boolean isConstructor)&#xD;
   at System.Reflection.MethodBaseInvoker.InvokeWithNoArgs(Object obj, BindingFlags invokeAttr)</StackTrace>
        </ErrorInfo>
      </Output>
    </UnitTestResult>
    <UnitTestResult executionId="233f7968-b16d-45af-b397-5c8e0ad70054" testId="9e2ebb58-f97f-6283-441b-8d4fb2375ada" testName="SoundFXStudio.UI.Tests.SettingsTabTests.SettingsTab_HasAppearanceSection" computerName="MAKAVELI" duration="00:00:00.7046312" startTime="2026-07-11T00:25:42.7431514+02:00" endTime="2026-07-11T00:25:42.7431517+02:00" testType="13cdc9d9-ddb5-4fa4-a97d-d965ccfc6d4b" outcome="Passed" testListId="8c84fa94-04c1-424b-9868-57a2d4851a1d" relativeResultsDirectory="233f7968-b16d-45af-b397-5c8e0ad70054" />
    <UnitTestResult executionId="c788fa08-ab71-4bc3-a8d1-7e71beb295a8" testId="4e79660d-bab4-0e69-43c6-fe49d8f99871" testName="SoundFXStudio.UI.Tests.SettingsTabTests.SettingsTab_HasDeviceComboBoxes" computerName="MAKAVELI" duration="00:00:00.6806159" startTime="2026-07-11T00:25:42.0384491+02:00" endTime="2026-07-11T00:25:42.0384494+02:00" testType="13cdc9d9-ddb5-4fa4-a97d-d965ccfc6d4b" outcome="Passed" testListId="8c84fa94-04c1-424b-9868-57a2d4851a1d" relativeResultsDirectory="c788fa08-ab71-4bc3-a8d1-7e71beb295a8" />
    <UnitTestResult executionId="e8eb0895-a1b7-4085-8557-e39d31e3c8e9" testId="3aef9faa-21ba-8595-f291-aedc6af95e17" testName="SoundFXStudio.UI.Tests.AddSoundDialogTests.AddSound_HasNameTextBox" computerName="MAKAVELI" duration="00:00:02.0191692" startTime="2026-07-11T00:24:13.2283188+02:00" endTime="2026-07-11T00:24:13.2283190+02:00" testType="13cdc9d9-ddb5-4fa4-a97d-d965ccfc6d4b" outcome="Failed" testListId="8c84fa94-04c1-424b-9868-57a2d4851a1d" relativeResultsDirectory="e8eb0895-a1b7-4085-8557-e39d31e3c8e9">
      <Output>
        <ErrorInfo>
          <Message>Assert.NotNull() Failure: Value is null</Message>
          <StackTrace>   at SoundFXStudio.UI.Tests.AddSoundDialogTests.OpenAddSoundDialog() in E:\Projects\SoundFX-Studio\SoundFXStudio.UI.Tests\AddSoundDialogTests.cs:line 27&#xD;
   at SoundFXStudio.UI.Tests.AddSoundDialogTests.AddSound_HasNameTextBox() in E:\Projects\SoundFX-Studio\SoundFXStudio.UI.Tests\AddSoundDialogTests.cs:line 59&#xD;
   at System.RuntimeMethodHandle.InvokeMethod(Object target, Void** arguments, Signature sig, Boolean isConstructor)&#xD;
   at System.Reflection.MethodBaseInvoker.InvokeWithNoArgs(Object obj, BindingFlags invokeAttr)</StackTrace>
        </ErrorInfo>
      </Output>
    </UnitTestResult>
    <UnitTestResult executionId="406a4677-767b-4f18-80f0-56b10208c321" testId="4eeec020-cea5-cd02-e00b-f5c32db763b7" testName="SoundFXStudio.UI.Tests.SettingsLayoutTests.Settings_HasAudioDevicesSection" computerName="MAKAVELI" duration="00:00:00.6847869" startTime="2026-07-11T00:25:41.3575940+02:00" endTime="2026-07-11T00:25:41.3575942+02:00" testType="13cdc9d9-ddb5-4fa4-a97d-d965ccfc6d4b" outcome="Passed" testListId="8c84fa94-04c1-424b-9868-57a2d4851a1d" relativeResultsDirectory="406a4677-767b-4f18-80f0-56b10208c321" />
    <UnitTestResult executionId="abba65c6-40bc-4706-a2d5-c4c20b8eca8c" testId="dff76364-4630-5bc6-0b9e-f1039082bace" testName="SoundFXStudio.UI.Tests.AddSoundDialogTests.AddSound_HasVolumeSlider" computerName="MAKAVELI" duration="00:00:02.0495616" startTime="2026-07-11T00:24:03.0700721+02:00" endTime="2026-07-11T00:24:03.0700723+02:00" testType="13cdc9d9-ddb5-4fa4-a97d-d965ccfc6d4b" outcome="Failed" testListId="8c84fa94-04c1-424b-9868-57a2d4851a1d" relativeResultsDirectory="abba65c6-40bc-4706-a2d5-c4c20b8eca8c">
      <Output>
        <ErrorInfo>
          <Message>Assert.NotNull() Failure: Value is null</Message>
          <StackTrace>   at SoundFXStudio.UI.Tests.AddSoundDialogTests.OpenAddSoundDialog() in E:\Projects\SoundFX-Studio\SoundFXStudio.UI.Tests\AddSoundDialogTests.cs:line 27&#xD;
   at SoundFXStudio.UI.Tests.AddSoundDialogTests.AddSound_HasVolumeSlider() in E:\Projects\SoundFX-Studio\SoundFXStudio.UI.Tests\AddSoundDialogTests.cs:line 114&#xD;
   at System.RuntimeMethodHandle.InvokeMethod(Object target, Void** arguments, Signature sig, Boolean isConstructor)&#xD;
   at System.Reflection.MethodBaseInvoker.InvokeWithNoArgs(Object obj, BindingFlags invokeAttr)</StackTrace>
        </ErrorInfo>
      </Output>
    </UnitTestResult>
    <UnitTestResult executionId="bb24bfa6-f0a1-4aa5-bb72-02a2349f4ef8" testId="f2fa7776-e862-5436-8c44-2b6fdc60f397" testName="SoundFXStudio.UI.Tests.LibraryTabTests.LibraryTab_HasSoundsListView" computerName="MAKAVELI" duration="00:00:01.1371567" startTime="2026-07-11T00:24:55.0217916+02:00" endTime="2026-07-11T00:24:55.0217919+02:00" testType="13cdc9d9-ddb5-4fa4-a97d-d965ccfc6d4b" outcome="Passed" testListId="8c84fa94-04c1-424b-9868-57a2d4851a1d" relativeResultsDirectory="bb24bfa6-f0a1-4aa5-bb72-02a2349f4ef8" />
    <UnitTestResult executionId="5ff8420c-1058-4a64-a5aa-d83d146aa0ca" testId="fed52867-02a7-b280-85c1-9c2ab20a5e4b" testName="SoundFXStudio.UI.Tests.LibraryCRUDTests.Library_HasSearchTextBox" computerName="MAKAVELI" duration="00:00:01.6727888" startTime="2026-07-11T00:24:35.6610468+02:00" endTime="2026-07-11T00:24:35.6610470+02:00" testType="13cdc9d9-ddb5-4fa4-a97d-d965ccfc6d4b" outcome="Failed" testListId="8c84fa94-04c1-424b-9868-57a2d4851a1d" relativeResultsDirectory="5ff8420c-1058-4a64-a5aa-d83d146aa0ca">
      <Output>
        <ErrorInfo>
          <Message>Library should have search box</Message>
          <StackTrace>   at SoundFXStudio.UI.Tests.LibraryCRUDTests.Library_HasSearchTextBox() in E:\Projects\SoundFX-Studio\SoundFXStudio.UI.Tests\LibraryCRUDTests.cs:line 40&#xD;
   at System.RuntimeMethodHandle.InvokeMethod(Object target, Void** arguments, Signature sig, Boolean isConstructor)&#xD;
   at System.Reflection.MethodBaseInvoker.InvokeWithNoArgs(Object obj, BindingFlags invokeAttr)</StackTrace>
        </ErrorInfo>
      </Output>
    </UnitTestResult>
    <UnitTestResult executionId="7f76d683-8b6a-4652-833f-0ee22758ec30" testId="46eef0c4-61f4-2ab6-e8e6-5182de7679cc" testName="SoundFXStudio.UI.Tests.RoutingSetupTests.Routing_HasSetupWizardButton" computerName="MAKAVELI" duration="00:00:02.2666214" startTime="2026-07-11T00:25:20.4351862+02:00" endTime="2026-07-11T00:25:20.4351864+02:00" testType="13cdc9d9-ddb5-4fa4-a97d-d965ccfc6d4b" outcome="Failed" testListId="8c84fa94-04c1-424b-9868-57a2d4851a1d" relativeResultsDirectory="7f76d683-8b6a-4652-833f-0ee22758ec30">
      <Output>
        <ErrorInfo>
          <Message>Assert.NotNull() Failure: Value is null</Message>
          <StackTrace>   at SoundFXStudio.UI.Tests.RoutingSetupTests.Routing_HasSetupWizardButton() in E:\Projects\SoundFX-Studio\SoundFXStudio.UI.Tests\RoutingSetupTests.cs:line 76&#xD;
   at System.RuntimeMethodHandle.InvokeMethod(Object target, Void** arguments, Signature sig, Boolean isConstructor)&#xD;
   at System.Reflection.MethodBaseInvoker.InvokeWithNoArgs(Object obj, BindingFlags invokeAttr)</StackTrace>
        </ErrorInfo>
      </Output>
    </UnitTestResult>
    <UnitTestResult executionId="23f386f7-854f-4909-8d46-7c083275621d" testId="a9a7f6c3-99b1-9151-7480-658e35bbaf17" testName="SoundFXStudio.UI.Tests.AddSoundDialogTests.AddSound_HasImageBrowseButton" computerName="MAKAVELI" duration="00:00:01.9497523" startTime="2026-07-11T00:24:09.1270794+02:00" endTime="2026-07-11T00:24:09.1270795+02:00" testType="13cdc9d9-ddb5-4fa4-a97d-d965ccfc6d4b" outcome="Failed" testListId="8c84fa94-04c1-424b-9868-57a2d4851a1d" relativeResultsDirectory="23f386f7-854f-4909-8d46-7c083275621d">
      <Output>
        <ErrorInfo>
          <Message>Assert.NotNull() Failure: Value is null</Message>
          <StackTrace>   at SoundFXStudio.UI.Tests.AddSoundDialogTests.OpenAddSoundDialog() in E:\Projects\SoundFX-Studio\SoundFXStudio.UI.Tests\AddSoundDialogTests.cs:line 27&#xD;
   at SoundFXStudio.UI.Tests.AddSoundDialogTests.AddSound_HasImageBrowseButton() in E:\Projects\SoundFX-Studio\SoundFXStudio.UI.Tests\AddSoundDialogTests.cs:line 127&#xD;
   at System.RuntimeMethodHandle.InvokeMethod(Object target, Void** arguments, Signature sig, Boolean isConstructor)&#xD;
   at System.Reflection.MethodBaseInvoker.InvokeWithNoArgs(Object obj, BindingFlags invokeAttr)</StackTrace>
        </ErrorInfo>
      </Output>
    </UnitTestResult>
    <UnitTestResult executionId="198469ca-dc00-4cb0-b0b9-2bcacb33b776" testId="9c4f5ba0-a861-8a9a-89b3-f506a19b195d" testName="SoundFXStudio.UI.Tests.KeyboardInteractionTests.Keyboard_HasSpecialKey(keyName: &quot;F1&quot;)" computerName="MAKAVELI" duration="00:00:01.8654065" startTime="2026-07-11T00:24:21.4090310+02:00" endTime="2026-07-11T00:24:21.4090311+02:00" testType="13cdc9d9-ddb5-4fa4-a97d-d965ccfc6d4b" outcome="Failed" testListId="8c84fa94-04c1-424b-9868-57a2d4851a1d" relativeResultsDirectory="198469ca-dc00-4cb0-b0b9-2bcacb33b776">
      <Output>
        <ErrorInfo>
          <Message>Assert.NotNull() Failure: Value is null</Message>
          <StackTrace>   at SoundFXStudio.UI.Tests.KeyboardInteractionTests.Keyboard_HasSpecialKey(String keyName) in E:\Projects\SoundFX-Studio\SoundFXStudio.UI.Tests\KeyboardInteractionTests.cs:line 75&#xD;
   at InvokeStub_KeyboardInteractionTests.Keyboard_HasSpecialKey(Object, Span`1)&#xD;
   at System.Reflection.MethodBaseInvoker.InvokeWithOneArg(Object obj, BindingFlags invokeAttr, Binder binder, Object[] parameters, CultureInfo culture)</StackTrace>
        </ErrorInfo>
      </Output>
    </UnitTestResult>
    <UnitTestResult executionId="9c944fa9-1e63-4357-9d00-8cd77e7a316e" testId="1aa073ca-278b-64bf-34ce-723d409d42e4" testName="SoundFXStudio.UI.Tests.AddSoundDialogTests.AddSound_HasBrowseButton" computerName="MAKAVELI" duration="00:00:02.0476207" startTime="2026-07-11T00:24:15.2761835+02:00" endTime="2026-07-11T00:24:15.2761837+02:00" testType="13cdc9d9-ddb5-4fa4-a97d-d965ccfc6d4b" outcome="Failed" testListId="8c84fa94-04c1-424b-9868-57a2d4851a1d" relativeResultsDirectory="9c944fa9-1e63-4357-9d00-8cd77e7a316e">
      <Output>
        <ErrorInfo>
          <Message>Assert.NotNull() Failure: Value is null</Message>
          <StackTrace>   at SoundFXStudio.UI.Tests.AddSoundDialogTests.OpenAddSoundDialog() in E:\Projects\SoundFX-Studio\SoundFXStudio.UI.Tests\AddSoundDialogTests.cs:line 27&#xD;
   at SoundFXStudio.UI.Tests.AddSoundDialogTests.AddSound_HasBrowseButton() in E:\Projects\SoundFX-Studio\SoundFXStudio.UI.Tests\AddSoundDialogTests.cs:line 45&#xD;
   at System.RuntimeMethodHandle.InvokeMethod(Object target, Void** arguments, Signature sig, Boolean isConstructor)&#xD;
   at System.Reflection.MethodBaseInvoker.InvokeWithNoArgs(Object obj, BindingFlags invokeAttr)</StackTrace>
        </ErrorInfo>
      </Output>
    </UnitTestResult>
    <UnitTestResult executionId="7d072b7b-de94-4504-9645-c45f9c43b9ac" testId="c2e5b60d-cf38-7a1d-8247-96e8b4a293b6" testName="SoundFXStudio.UI.Tests.SettingsLayoutTests.Settings_HasCheckBoxes" computerName="MAKAVELI" duration="00:00:00.6739822" startTime="2026-07-11T00:25:40.6727432+02:00" endTime="2026-07-11T00:25:40.6727434+02:00" testType="13cdc9d9-ddb5-4fa4-a97d-d965ccfc6d4b" outcome="Passed" testListId="8c84fa94-04c1-424b-9868-57a2d4851a1d" relativeResultsDirectory="7d072b7b-de94-4504-9645-c45f9c43b9ac" />
    <UnitTestResult executionId="428d4c09-ecc9-46e2-a0ef-77e5cc1c9716" testId="0fb3d8f1-f2aa-fa54-674c-ed12774f62bf" testName="SoundFXStudio.UI.Tests.SettingsLayoutTests.Settings_HasAppearanceSection" computerName="MAKAVELI" duration="00:00:00.7029819" startTime="2026-07-11T00:25:36.5354097+02:00" endTime="2026-07-11T00:25:36.5354100+02:00" testType="13cdc9d9-ddb5-4fa4-a97d-d965ccfc6d4b" outcome="Passed" testListId="8c84fa94-04c1-424b-9868-57a2d4851a1d" relativeResultsDirectory="428d4c09-ecc9-46e2-a0ef-77e5cc1c9716" />
    <UnitTestResult executionId="7f4b240c-adc3-4733-82d4-20ee1af155c0" testId="d9f47221-2478-c228-02a6-f46264c5eb63" testName="SoundFXStudio.UI.Tests.LibraryTabTests.LibraryTab_HasAddButton" computerName="MAKAVELI" duration="00:00:01.6625371" startTime="2026-07-11T00:24:53.8846232+02:00" endTime="2026-07-11T00:24:53.8846246+02:00" testType="13cdc9d9-ddb5-4fa4-a97d-d965ccfc6d4b" outcome="Failed" testListId="8c84fa94-04c1-424b-9868-57a2d4851a1d" relativeResultsDirectory="7f4b240c-adc3-4733-82d4-20ee1af155c0">
      <Output>
        <ErrorInfo>
          <Message>Assert.NotNull() Failure: Value is null</Message>
          <StackTrace>   at SoundFXStudio.UI.Tests.LibraryTabTests.LibraryTab_HasAddButton() in E:\Projects\SoundFX-Studio\SoundFXStudio.UI.Tests\LibraryTabTests.cs:line 51&#xD;
   at System.RuntimeMethodHandle.InvokeMethod(Object target, Void** arguments, Signature sig, Boolean isConstructor)&#xD;
   at System.Reflection.MethodBaseInvoker.InvokeWithNoArgs(Object obj, BindingFlags invokeAttr)</StackTrace>
        </ErrorInfo>
      </Output>
    </UnitTestResult>
    <UnitTestResult executionId="81d06c6d-f919-494a-988e-9013651818cd" testId="f401c47c-d282-6726-2b77-7d4338b8057d" testName="SoundFXStudio.UI.Tests.RoutingSetupTests.Routing_HasAutoConfigureButton" computerName="MAKAVELI" duration="00:00:01.9873226" startTime="2026-07-11T00:25:24.8662142+02:00" endTime="2026-07-11T00:25:24.8662143+02:00" testType="13cdc9d9-ddb5-4fa4-a97d-d965ccfc6d4b" outcome="Failed" testListId="8c84fa94-04c1-424b-9868-57a2d4851a1d" relativeResultsDirectory="81d06c6d-f919-494a-988e-9013651818cd">
      <Output>
        <ErrorInfo>
          <Message>Assert.NotNull() Failure: Value is null</Message>
          <StackTrace>   at SoundFXStudio.UI.Tests.RoutingSetupTests.Routing_HasAutoConfigureButton() in E:\Projects\SoundFX-Studio\SoundFXStudio.UI.Tests\RoutingSetupTests.cs:line 53&#xD;
   at System.RuntimeMethodHandle.InvokeMethod(Object target, Void** arguments, Signature sig, Boolean isConstructor)&#xD;
   at System.Reflection.MethodBaseInvoker.InvokeWithNoArgs(Object obj, BindingFlags invokeAttr)</StackTrace>
        </ErrorInfo>
      </Output>
    </UnitTestResult>
    <UnitTestResult executionId="c0304daf-ea0c-46f3-9dfd-06aa90df9ed4" testId="6c2c5402-4454-2acb-6b28-248209587e84" testName="SoundFXStudio.UI.Tests.AddSoundDialogTests.AddSound_HasCloseXButton" computerName="MAKAVELI" duration="00:00:01.6611684" startTime="2026-07-11T00:24:18.4380625+02:00" endTime="2026-07-11T00:24:18.4380628+02:00" testType="13cdc9d9-ddb5-4fa4-a97d-d965ccfc6d4b" outcome="Failed" testListId="8c84fa94-04c1-424b-9868-57a2d4851a1d" relativeResultsDirectory="c0304daf-ea0c-46f3-9dfd-06aa90df9ed4">
      <Output>
        <ErrorInfo>
          <Message>Assert.NotNull() Failure: Value is null</Message>
          <StackTrace>   at SoundFXStudio.UI.Tests.AddSoundDialogTests.OpenAddSoundDialog() in E:\Projects\SoundFX-Studio\SoundFXStudio.UI.Tests\AddSoundDialogTests.cs:line 27&#xD;
   at SoundFXStudio.UI.Tests.AddSoundDialogTests.AddSound_HasCloseXButton() in E:\Projects\SoundFX-Studio\SoundFXStudio.UI.Tests\AddSoundDialogTests.cs:line 161&#xD;
   at System.RuntimeMethodHandle.InvokeMethod(Object target, Void** arguments, Signature sig, Boolean isConstructor)&#xD;
   at System.Reflection.MethodBaseInvoker.InvokeWithNoArgs(Object obj, BindingFlags invokeAttr)</StackTrace>
        </ErrorInfo>
      </Output>
    </UnitTestResult>
    <UnitTestResult executionId="1e400800-abb6-4b0c-b33e-48ee29ae927f" testId="df57f576-71e6-6526-651e-d1a8ed704a22" testName="SoundFXStudio.UI.Tests.LibraryCRUDTests.Library_HasAddButton" computerName="MAKAVELI" duration="00:00:02.1128716" startTime="2026-07-11T00:24:43.1318712+02:00" endTime="2026-07-11T00:24:43.1318715+02:00" testType="13cdc9d9-ddb5-4fa4-a97d-d965ccfc6d4b" outcome="Failed" testListId="8c84fa94-04c1-424b-9868-57a2d4851a1d" relativeResultsDirectory="1e400800-abb6-4b0c-b33e-48ee29ae927f">
      <Output>
        <ErrorInfo>
          <Message>Assert.NotNull() Failure: Value is null</Message>
          <StackTrace>   at SoundFXStudio.UI.Tests.LibraryCRUDTests.Library_HasAddButton() in E:\Projects\SoundFX-Studio\SoundFXStudio.UI.Tests\LibraryCRUDTests.cs:line 60&#xD;
   at System.RuntimeMethodHandle.InvokeMethod(Object target, Void** arguments, Signature sig, Boolean isConstructor)&#xD;
   at System.Reflection.MethodBaseInvoker.InvokeWithNoArgs(Object obj, BindingFlags invokeAttr)</StackTrace>
        </ErrorInfo>
      </Output>
    </UnitTestResult>
    <UnitTestResult executionId="038a3302-f68e-4a56-a072-ccf14b6a95c1" testId="7352b6bb-cf41-bfa9-7d26-fe21dcfe10f3" testName="SoundFXStudio.UI.Tests.RoutingSetupTests.Routing_OpenSetupWizard_ShowsDialog" computerName="MAKAVELI" duration="00:00:01.6363620" startTime="2026-07-11T00:25:33.2680534+02:00" endTime="2026-07-11T00:25:33.2680537+02:00" testType="13cdc9d9-ddb5-4fa4-a97d-d965ccfc6d4b" outcome="Failed" testListId="8c84fa94-04c1-424b-9868-57a2d4851a1d" relativeResultsDirectory="038a3302-f68e-4a56-a072-ccf14b6a95c1">
      <Output>
        <ErrorInfo>
          <Message>Assert.NotNull() Failure: Value is null</Message>
          <StackTrace>   at SoundFXStudio.UI.Tests.RoutingSetupTests.Routing_OpenSetupWizard_ShowsDialog() in E:\Projects\SoundFX-Studio\SoundFXStudio.UI.Tests\RoutingSetupTests.cs:line 109&#xD;
   at System.RuntimeMethodHandle.InvokeMethod(Object target, Void** arguments, Signature sig, Boolean isConstructor)&#xD;
   at System.Reflection.MethodBaseInvoker.InvokeWithNoArgs(Object obj, BindingFlags invokeAttr)</StackTrace>
        </ErrorInfo>
      </Output>
    </UnitTestResult>
    <UnitTestResult executionId="5c7075f7-2f4f-4034-826d-8c9ec38f5443" testId="e3a08597-dc77-2fbc-7a49-488a3fe50fb7" testName="SoundFXStudio.UI.Tests.LibraryCRUDTests.Library_HasDeleteButton" computerName="MAKAVELI" duration="00:00:01.5860752" startTime="2026-07-11T00:24:44.7182174+02:00" endTime="2026-07-11T00:24:44.7182176+02:00" testType="13cdc9d9-ddb5-4fa4-a97d-d965ccfc6d4b" outcome="Failed" testListId="8c84fa94-04c1-424b-9868-57a2d4851a1d" relativeResultsDirectory="5c7075f7-2f4f-4034-826d-8c9ec38f5443">
      <Output>
        <ErrorInfo>
          <Message>Assert.NotNull() Failure: Value is null</Message>
          <StackTrace>   at SoundFXStudio.UI.Tests.LibraryCRUDTests.Library_HasDeleteButton() in E:\Projects\SoundFX-Studio\SoundFXStudio.UI.Tests\LibraryCRUDTests.cs:line 71&#xD;
   at System.RuntimeMethodHandle.InvokeMethod(Object target, Void** arguments, Signature sig, Boolean isConstructor)&#xD;
   at System.Reflection.MethodBaseInvoker.InvokeWithNoArgs(Object obj, BindingFlags invokeAttr)</StackTrace>
        </ErrorInfo>
      </Output>
    </UnitTestResult>
    <UnitTestResult executionId="4efbef66-d436-4d59-9070-eb32b3648505" testId="0563139d-2c88-42bb-3aed-9efab4c5d9c2" testName="SoundFXStudio.UI.Tests.LibraryTabTests.LibraryTab_HasSearchBox" computerName="MAKAVELI" duration="00:00:02.2634305" startTime="2026-07-11T00:24:52.2218116+02:00" endTime="2026-07-11T00:24:52.2218118+02:00" testType="13cdc9d9-ddb5-4fa4-a97d-d965ccfc6d4b" outcome="Failed" testListId="8c84fa94-04c1-424b-9868-57a2d4851a1d" relativeResultsDirectory="4efbef66-d436-4d59-9070-eb32b3648505">
      <Output>
        <ErrorInfo>
          <Message>Library tab should have at least one text box (search)</Message>
          <StackTrace>   at SoundFXStudio.UI.Tests.LibraryTabTests.LibraryTab_HasSearchBox() in E:\Projects\SoundFX-Studio\SoundFXStudio.UI.Tests\LibraryTabTests.cs:line 40&#xD;
   at System.RuntimeMethodHandle.InvokeMethod(Object target, Void** arguments, Signature sig, Boolean isConstructor)&#xD;
   at System.Reflection.MethodBaseInvoker.InvokeWithNoArgs(Object obj, BindingFlags invokeAttr)</StackTrace>
        </ErrorInfo>
      </Output>
    </UnitTestResult>
    <UnitTestResult executionId="49d1363c-ced7-4d25-ba8e-e7c5230941fc" testId="aa546dd8-c6f3-cbd3-5aa3-8eff332f3586" testName="SoundFXStudio.UI.Tests.ProfileSwitchingTests.Presets_HasDefaultProfile" computerName="MAKAVELI" duration="00:00:02.9762498" startTime="2026-07-11T00:25:10.8189351+02:00" endTime="2026-07-11T00:25:10.8189355+02:00" testType="13cdc9d9-ddb5-4fa4-a97d-d965ccfc6d4b" outcome="Failed" testListId="8c84fa94-04c1-424b-9868-57a2d4851a1d" relativeResultsDirectory="49d1363c-ced7-4d25-ba8e-e7c5230941fc">
      <Output>
        <ErrorInfo>
          <Message>Should have at least one profile</Message>
          <StackTrace>   at SoundFXStudio.UI.Tests.ProfileSwitchingTests.Presets_HasDefaultProfile() in E:\Projects\SoundFX-Studio\SoundFXStudio.UI.Tests\ProfileSwitchingTests.cs:line 33&#xD;
   at System.RuntimeMethodHandle.InvokeMethod(Object target, Void** arguments, Signature sig, Boolean isConstructor)&#xD;
   at System.Reflection.MethodBaseInvoker.InvokeWithNoArgs(Object obj, BindingFlags invokeAttr)</StackTrace>
        </ErrorInfo>
      </Output>
    </UnitTestResult>
    <UnitTestResult executionId="c759304e-b1e2-46b7-a437-8569cc3bd12d" testId="91ce6f2d-4902-128a-3586-eff2c8ecc8c6" testName="SoundFXStudio.UI.Tests.MainWindowTests.MainWindow_HasTabControl_With5Tabs" computerName="MAKAVELI" duration="00:00:00.5331960" startTime="2026-07-11T00:25:00.9504779+02:00" endTime="2026-07-11T00:25:00.9504781+02:00" testType="13cdc9d9-ddb5-4fa4-a97d-d965ccfc6d4b" outcome="Failed" testListId="8c84fa94-04c1-424b-9868-57a2d4851a1d" relativeResultsDirectory="c759304e-b1e2-46b7-a437-8569cc3bd12d">
      <Output>
        <ErrorInfo>
          <Message>Assert.Equal() Failure: Values differ&#xD;
Expected: 5&#xD;
Actual:   6</Message>
          <StackTrace>   at SoundFXStudio.UI.Tests.MainWindowTests.MainWindow_HasTabControl_With5Tabs() in E:\Projects\SoundFX-Studio\SoundFXStudio.UI.Tests\MainWindowTests.cs:line 29&#xD;
   at System.RuntimeMethodHandle.InvokeMethod(Object target, Void** arguments, Signature sig, Boolean isConstructor)&#xD;
   at System.Reflection.MethodBaseInvoker.InvokeWithNoArgs(Object obj, BindingFlags invokeAttr)</StackTrace>
        </ErrorInfo>
      </Output>
    </UnitTestResult>
    <UnitTestResult executionId="c81746fb-513c-410b-868b-7100bd18a93d" testId="ef37b5d5-ad4e-d773-67c6-f108fa8ac61a" testName="SoundFXStudio.UI.Tests.LibraryCRUDTests.Library_HasSoundsListView" computerName="MAKAVELI" duration="00:00:01.0863253" startTime="2026-07-11T00:24:41.0185360+02:00" endTime="2026-07-11T00:24:41.0185363+02:00" testType="13cdc9d9-ddb5-4fa4-a97d-d965ccfc6d4b" outcome="Passed" testListId="8c84fa94-04c1-424b-9868-57a2d4851a1d" relativeResultsDirectory="c81746fb-513c-410b-868b-7100bd18a93d" />
    <UnitTestResult executionId="c39c150e-fc2f-4c82-986b-306ec8cec75f" testId="72736b0b-6ba4-f341-3a6e-b8caa67a5f6e" testName="SoundFXStudio.UI.Tests.ProfileSwitchingTests.Presets_HasNewButton" computerName="MAKAVELI" duration="00:00:02.1827185" startTime="2026-07-11T00:25:15.2282517+02:00" endTime="2026-07-11T00:25:15.2282522+02:00" testType="13cdc9d9-ddb5-4fa4-a97d-d965ccfc6d4b" outcome="Failed" testListId="8c84fa94-04c1-424b-9868-57a2d4851a1d" relativeResultsDirectory="c39c150e-fc2f-4c82-986b-306ec8cec75f">
      <Output>
        <ErrorInfo>
          <Message>Assert.NotNull() Failure: Value is null</Message>
          <StackTrace>   at SoundFXStudio.UI.Tests.ProfileSwitchingTests.Presets_HasNewButton() in E:\Projects\SoundFX-Studio\SoundFXStudio.UI.Tests\ProfileSwitchingTests.cs:line 44&#xD;
   at System.RuntimeMethodHandle.InvokeMethod(Object target, Void** arguments, Signature sig, Boolean isConstructor)&#xD;
   at System.Reflection.MethodBaseInvoker.InvokeWithNoArgs(Object obj, BindingFlags invokeAttr)</StackTrace>
        </ErrorInfo>
      </Output>
    </UnitTestResult>
    <UnitTestResult executionId="3f9be43b-3263-46a0-81f2-bb03381430e7" testId="ad18676b-3dce-00b9-ac60-719bb9dce76d" testName="SoundFXStudio.UI.Tests.AddSoundDialogTests.AddSound_DialogOpens_WithTitle" computerName="MAKAVELI" duration="00:00:02.2161353" startTime="2026-07-11T00:24:07.1769306+02:00" endTime="2026-07-11T00:24:07.1769308+02:00" testType="13cdc9d9-ddb5-4fa4-a97d-d965ccfc6d4b" outcome="Failed" testListId="8c84fa94-04c1-424b-9868-57a2d4851a1d" relativeResultsDirectory="3f9be43b-3263-46a0-81f2-bb03381430e7">
      <Output>
        <ErrorInfo>
          <Message>Assert.NotNull() Failure: Value is null</Message>
          <StackTrace>   at SoundFXStudio.UI.Tests.AddSoundDialogTests.OpenAddSoundDialog() in E:\Projects\SoundFX-Studio\SoundFXStudio.UI.Tests\AddSoundDialogTests.cs:line 27&#xD;
   at SoundFXStudio.UI.Tests.AddSoundDialogTests.AddSound_DialogOpens_WithTitle() in E:\Projects\SoundFX-Studio\SoundFXStudio.UI.Tests\AddSoundDialogTests.cs:line 35&#xD;
   at System.RuntimeMethodHandle.InvokeMethod(Object target, Void** arguments, Signature sig, Boolean isConstructor)&#xD;
   at System.Reflection.MethodBaseInvoker.InvokeWithNoArgs(Object obj, BindingFlags invokeAttr)</StackTrace>
        </ErrorInfo>
      </Output>
    </UnitTestResult>
    <UnitTestResult executionId="1ec1c06e-b896-40d9-9888-e0708b4ab94d" testId="eae7bc12-fce4-453f-42a3-65884ad5b77c" testName="SoundFXStudio.UI.Tests.ProfileSwitchingTests.Presets_HasSearchBox" computerName="MAKAVELI" duration="00:00:01.6279923" startTime="2026-07-11T00:25:07.8424625+02:00" endTime="2026-07-11T00:25:07.8424627+02:00" testType="13cdc9d9-ddb5-4fa4-a97d-d965ccfc6d4b" outcome="Failed" testListId="8c84fa94-04c1-424b-9868-57a2d4851a1d" relativeResultsDirectory="1ec1c06e-b896-40d9-9888-e0708b4ab94d">
      <Output>
        <ErrorInfo>
          <Message>Presets tab should have a search text box</Message>
          <StackTrace>   at SoundFXStudio.UI.Tests.ProfileSwitchingTests.Presets_HasSearchBox() in E:\Projects\SoundFX-Studio\SoundFXStudio.UI.Tests\ProfileSwitchingTests.cs:line 67&#xD;
   at System.RuntimeMethodHandle.InvokeMethod(Object target, Void** arguments, Signature sig, Boolean isConstructor)&#xD;
   at System.Reflection.MethodBaseInvoker.InvokeWithNoArgs(Object obj, BindingFlags invokeAttr)</StackTrace>
        </ErrorInfo>
      </Output>
    </UnitTestResult>
    <UnitTestResult executionId="ff36485d-cb6a-4dba-8ad2-8c61319d8b31" testId="2bacc2fc-f8a1-7d75-84b9-eafb52835403" testName="SoundFXStudio.UI.Tests.MainWindowTests.MainWindow_CanSwitchToTab(tabName: &quot;Routing&quot;)" computerName="MAKAVELI" duration="00:00:01.0257666" startTime="2026-07-11T00:24:59.0292776+02:00" endTime="2026-07-11T00:24:59.0292779+02:00" testType="13cdc9d9-ddb5-4fa4-a97d-d965ccfc6d4b" outcome="Passed" testListId="8c84fa94-04c1-424b-9868-57a2d4851a1d" relativeResultsDirectory="ff36485d-cb6a-4dba-8ad2-8c61319d8b31" />
    <UnitTestResult executionId="ddcb18d2-0535-45c0-ab78-bd393965e9d6" testId="c46b163a-11ea-e31f-6c54-d6e007b229ef" testName="SoundFXStudio.UI.Tests.RoutingTabTests.RoutingTab_HasOutputDeviceComboBox" computerName="MAKAVELI" duration="00:00:00.6949777" startTime="2026-07-11T00:25:35.1498830+02:00" endTime="2026-07-11T00:25:35.1498833+02:00" testType="13cdc9d9-ddb5-4fa4-a97d-d965ccfc6d4b" outcome="Passed" testListId="8c84fa94-04c1-424b-9868-57a2d4851a1d" relativeResultsDirectory="ddcb18d2-0535-45c0-ab78-bd393965e9d6" />
    <UnitTestResult executionId="034a63ac-6624-4361-80d5-203812b0d36f" testId="3783c06f-e83f-97cf-6edd-946e79c4a804" testName="SoundFXStudio.UI.Tests.RoutingSetupTests.Routing_HasTestRoutingButton" computerName="MAKAVELI" duration="00:00:01.5589671" startTime="2026-07-11T00:25:31.6314959+02:00" endTime="2026-07-11T00:25:31.6314961+02:00" testType="13cdc9d9-ddb5-4fa4-a97d-d965ccfc6d4b" outcome="Failed" testListId="8c84fa94-04c1-424b-9868-57a2d4851a1d" relativeResultsDirectory="034a63ac-6624-4361-80d5-203812b0d36f">
      <Output>
        <ErrorInfo>
          <Message>Assert.NotNull() Failure: Value is null</Message>
          <StackTrace>   at SoundFXStudio.UI.Tests.RoutingSetupTests.Routing_HasTestRoutingButton() in E:\Projects\SoundFX-Studio\SoundFXStudio.UI.Tests\RoutingSetupTests.cs:line 64&#xD;
   at System.RuntimeMethodHandle.InvokeMethod(Object target, Void** arguments, Signature sig, Boolean isConstructor)&#xD;
   at System.Reflection.MethodBaseInvoker.InvokeWithNoArgs(Object obj, BindingFlags invokeAttr)</StackTrace>
        </ErrorInfo>
      </Output>
    </UnitTestResult>
    <UnitTestResult executionId="36d3e232-090d-4fe3-8382-c59857a6de93" testId="56a1d8ad-0e0b-0005-4ce6-b4548e368436" testName="SoundFXStudio.UI.Tests.AddSoundDialogTests.AddSound_CancelClosesDialog" computerName="MAKAVELI" duration="00:00:01.5001180" startTime="2026-07-11T00:24:16.7764635+02:00" endTime="2026-07-11T00:24:16.7764637+02:00" testType="13cdc9d9-ddb5-4fa4-a97d-d965ccfc6d4b" outcome="Failed" testListId="8c84fa94-04c1-424b-9868-57a2d4851a1d" relativeResultsDirectory="36d3e232-090d-4fe3-8382-c59857a6de93">
      <Output>
        <ErrorInfo>
          <Message>Assert.NotNull() Failure: Value is null</Message>
          <StackTrace>   at SoundFXStudio.UI.Tests.AddSoundDialogTests.OpenAddSoundDialog() in E:\Projects\SoundFX-Studio\SoundFXStudio.UI.Tests\AddSoundDialogTests.cs:line 27&#xD;
   at SoundFXStudio.UI.Tests.AddSoundDialogTests.AddSound_CancelClosesDialog() in E:\Projects\SoundFX-Studio\SoundFXStudio.UI.Tests\AddSoundDialogTests.cs:line 141&#xD;
   at System.RuntimeMethodHandle.InvokeMethod(Object target, Void** arguments, Signature sig, Boolean isConstructor)&#xD;
   at System.Reflection.MethodBaseInvoker.InvokeWithNoArgs(Object obj, BindingFlags invokeAttr)</StackTrace>
        </ErrorInfo>
      </Output>
    </UnitTestResult>
    <UnitTestResult executionId="b3049955-a20d-4d56-9af2-fd5f36dba3ad" testId="b28c981e-8f69-6269-d198-9d96a8aa1b38" testName="SoundFXStudio.UI.Tests.MainWindowTests.App_ShowsMainWindow_WithTitle" computerName="MAKAVELI" duration="00:00:00.0156070" startTime="2026-07-11T00:25:00.4167151+02:00" endTime="2026-07-11T00:25:00.4167153+02:00" testType="13cdc9d9-ddb5-4fa4-a97d-d965ccfc6d4b" outcome="Passed" testListId="8c84fa94-04c1-424b-9868-57a2d4851a1d" relativeResultsDirectory="b3049955-a20d-4d56-9af2-fd5f36dba3ad" />
    <UnitTestResult executionId="f5ff765c-06f8-40b8-8f91-ae90b53e58d9" testId="27a61f8f-3082-0067-31aa-0b522bd1fa37" testName="SoundFXStudio.UI.Tests.MainWindowTests.MainWindow_CanSwitchToTab(tabName: &quot;Library&quot;)" computerName="MAKAVELI" duration="00:00:01.0218574" startTime="2026-07-11T00:24:58.0033958+02:00" endTime="2026-07-11T00:24:58.0033961+02:00" testType="13cdc9d9-ddb5-4fa4-a97d-d965ccfc6d4b" outcome="Passed" testListId="8c84fa94-04c1-424b-9868-57a2d4851a1d" relativeResultsDirectory="f5ff765c-06f8-40b8-8f91-ae90b53e58d9" />
    <UnitTestResult executionId="ca76c58e-7634-48c1-8214-969ff571374e" testId="601207f0-83ec-d54b-a317-8f5dd2ce09a2" testName="SoundFXStudio.UI.Tests.MainWindowTests.MainWindow_CanSwitchToTab(tabName: &quot;Presets&quot;)" computerName="MAKAVELI" duration="00:00:01.4757896" startTime="2026-07-11T00:24:56.9814434+02:00" endTime="2026-07-11T00:24:56.9814437+02:00" testType="13cdc9d9-ddb5-4fa4-a97d-d965ccfc6d4b" outcome="Passed" testListId="8c84fa94-04c1-424b-9868-57a2d4851a1d" relativeResultsDirectory="ca76c58e-7634-48c1-8214-969ff571374e" />
  </Results>
  <TestDefinitions>
    <UnitTest name="SoundFXStudio.UI.Tests.AddSoundDialogTests.AddSound_HasCloseXButton" storage="e:\projects\soundfx-studio\soundfxstudio.ui.tests\bin\debug\net8.0-windows\soundfxstudio.ui.tests.dll" id="6c2c5402-4454-2acb-6b28-248209587e84">
      <Execution id="c0304daf-ea0c-46f3-9dfd-06aa90df9ed4" />
      <TestMethod codeBase="E:\Projects\SoundFX-Studio\SoundFXStudio.UI.Tests\bin\Debug\net8.0-windows\SoundFXStudio.UI.Tests.dll" adapterTypeName="executor://xunit/VsTestRunner2/netcoreapp" className="SoundFXStudio.UI.Tests.AddSoundDialogTests" name="AddSound_HasCloseXButton" />
    </UnitTest>
    <UnitTest name="SoundFXStudio.UI.Tests.PresetsTabTests.PresetsTab_HasProfilesList" storage="e:\projects\soundfx-studio\soundfxstudio.ui.tests\bin\debug\net8.0-windows\soundfxstudio.ui.tests.dll" id="ff05629c-855e-49a5-2f1f-0e470894d7e3">
      <Execution id="15874011-ffcb-419f-b3a1-1e4ad26123bd" />
      <TestMethod codeBase="E:\Projects\SoundFX-Studio\SoundFXStudio.UI.Tests\bin\Debug\net8.0-windows\SoundFXStudio.UI.Tests.dll" adapterTypeName="executor://xunit/VsTestRunner2/netcoreapp" className="SoundFXStudio.UI.Tests.PresetsTabTests" name="PresetsTab_HasProfilesList" />
    </UnitTest>
    <UnitTest name="SoundFXStudio.UI.Tests.RoutingTabTests.RoutingTab_HasOutputDeviceComboBox" storage="e:\projects\soundfx-studio\soundfxstudio.ui.tests\bin\debug\net8.0-windows\soundfxstudio.ui.tests.dll" id="c46b163a-11ea-e31f-6c54-d6e007b229ef">
      <Execution id="ddcb18d2-0535-45c0-ab78-bd393965e9d6" />
      <TestMethod codeBase="E:\Projects\SoundFX-Studio\SoundFXStudio.UI.Tests\bin\Debug\net8.0-windows\SoundFXStudio.UI.Tests.dll" adapterTypeName="executor://xunit/VsTestRunner2/netcoreapp" className="SoundFXStudio.UI.Tests.RoutingTabTests" name="RoutingTab_HasOutputDeviceComboBox" />
    </UnitTest>
    <UnitTest name="SoundFXStudio.UI.Tests.LibraryCRUDTests.Library_HasSoundsListView" storage="e:\projects\soundfx-studio\soundfxstudio.ui.tests\bin\debug\net8.0-windows\soundfxstudio.ui.tests.dll" id="ef37b5d5-ad4e-d773-67c6-f108fa8ac61a">
      <Execution id="c81746fb-513c-410b-868b-7100bd18a93d" />
      <TestMethod codeBase="E:\Projects\SoundFX-Studio\SoundFXStudio.UI.Tests\bin\Debug\net8.0-windows\SoundFXStudio.UI.Tests.dll" adapterTypeName="executor://xunit/VsTestRunner2/netcoreapp" className="SoundFXStudio.UI.Tests.LibraryCRUDTests" name="Library_HasSoundsListView" />
    </UnitTest>
    <UnitTest name="SoundFXStudio.UI.Tests.SettingsLayoutTests.Settings_HasSetupWizardButton" storage="e:\projects\soundfx-studio\soundfxstudio.ui.tests\bin\debug\net8.0-windows\soundfxstudio.ui.tests.dll" id="2490789b-dc18-7b16-3718-cd000c5d9938">
      <Execution id="0444d14a-7ac2-4f1e-b1d1-32fbb5bd8c80" />
      <TestMethod codeBase="E:\Projects\SoundFX-Studio\SoundFXStudio.UI.Tests\bin\Debug\net8.0-windows\SoundFXStudio.UI.Tests.dll" adapterTypeName="executor://xunit/VsTestRunner2/netcoreapp" className="SoundFXStudio.UI.Tests.SettingsLayoutTests" name="Settings_HasSetupWizardButton" />
    </UnitTest>
    <UnitTest name="SoundFXStudio.UI.Tests.RoutingSetupTests.Routing_HasTestRoutingButton" storage="e:\projects\soundfx-studio\soundfxstudio.ui.tests\bin\debug\net8.0-windows\soundfxstudio.ui.tests.dll" id="3783c06f-e83f-97cf-6edd-946e79c4a804">
      <Execution id="034a63ac-6624-4361-80d5-203812b0d36f" />
      <TestMethod codeBase="E:\Projects\SoundFX-Studio\SoundFXStudio.UI.Tests\bin\Debug\net8.0-windows\SoundFXStudio.UI.Tests.dll" adapterTypeName="executor://xunit/VsTestRunner2/netcoreapp" className="SoundFXStudio.UI.Tests.RoutingSetupTests" name="Routing_HasTestRoutingButton" />
    </UnitTest>
    <UnitTest name="SoundFXStudio.UI.Tests.ProfileSwitchingTests.Presets_CanSelectProfile" storage="e:\projects\soundfx-studio\soundfxstudio.ui.tests\bin\debug\net8.0-windows\soundfxstudio.ui.tests.dll" id="6da62e4e-5c8b-8a1d-a0ee-924ac3aeba57">
      <Execution id="6342c628-8ddf-453a-96d5-a3f78ae2ae59" />
      <TestMethod codeBase="E:\Projects\SoundFX-Studio\SoundFXStudio.UI.Tests\bin\Debug\net8.0-windows\SoundFXStudio.UI.Tests.dll" adapterTypeName="executor://xunit/VsTestRunner2/netcoreapp" className="SoundFXStudio.UI.Tests.ProfileSwitchingTests" name="Presets_CanSelectProfile" />
    </UnitTest>
    <UnitTest name="SoundFXStudio.UI.Tests.LibraryTabTests.LibraryTab_HasDeleteButton" storage="e:\projects\soundfx-studio\soundfxstudio.ui.tests\bin\debug\net8.0-windows\soundfxstudio.ui.tests.dll" id="c3b27b3f-e497-efa1-587c-762ea9884036">
      <Execution id="6e58ef8f-2642-4c5d-8e18-fec3a510c27c" />
      <TestMethod codeBase="E:\Projects\SoundFX-Studio\SoundFXStudio.UI.Tests\bin\Debug\net8.0-windows\SoundFXStudio.UI.Tests.dll" adapterTypeName="executor://xunit/VsTestRunner2/netcoreapp" className="SoundFXStudio.UI.Tests.LibraryTabTests" name="LibraryTab_HasDeleteButton" />
    </UnitTest>
    <UnitTest name="SoundFXStudio.UI.Tests.SettingsTabTests.SettingsTab_HasDeviceComboBoxes" storage="e:\projects\soundfx-studio\soundfxstudio.ui.tests\bin\debug\net8.0-windows\soundfxstudio.ui.tests.dll" id="4e79660d-bab4-0e69-43c6-fe49d8f99871">
      <Execution id="c788fa08-ab71-4bc3-a8d1-7e71beb295a8" />
      <TestMethod codeBase="E:\Projects\SoundFX-Studio\SoundFXStudio.UI.Tests\bin\Debug\net8.0-windows\SoundFXStudio.UI.Tests.dll" adapterTypeName="executor://xunit/VsTestRunner2/netcoreapp" className="SoundFXStudio.UI.Tests.SettingsTabTests" name="SettingsTab_HasDeviceComboBoxes" />
    </UnitTest>
    <UnitTest name="SoundFXStudio.UI.Tests.KeyboardInteractionTests.Keyboard_HasViewbox" storage="e:\projects\soundfx-studio\soundfxstudio.ui.tests\bin\debug\net8.0-windows\soundfxstudio.ui.tests.dll" id="6e676d00-adc4-bd94-0dd7-f4af7e06d34a">
      <Execution id="7e708b7d-db97-4714-962d-73d98cb13f1d" />
      <TestMethod codeBase="E:\Projects\SoundFX-Studio\SoundFXStudio.UI.Tests\bin\Debug\net8.0-windows\SoundFXStudio.UI.Tests.dll" adapterTypeName="executor://xunit/VsTestRunner2/netcoreapp" className="SoundFXStudio.UI.Tests.KeyboardInteractionTests" name="Keyboard_HasViewbox" />
    </UnitTest>
    <UnitTest name="SoundFXStudio.UI.Tests.LibraryCRUDTests.Library_HasSearchTextBox" storage="e:\projects\soundfx-studio\soundfxstudio.ui.tests\bin\debug\net8.0-windows\soundfxstudio.ui.tests.dll" id="fed52867-02a7-b280-85c1-9c2ab20a5e4b">
      <Execution id="5ff8420c-1058-4a64-a5aa-d83d146aa0ca" />
      <TestMethod codeBase="E:\Projects\SoundFX-Studio\SoundFXStudio.UI.Tests\bin\Debug\net8.0-windows\SoundFXStudio.UI.Tests.dll" adapterTypeName="executor://xunit/VsTestRunner2/netcoreapp" className="SoundFXStudio.UI.Tests.LibraryCRUDTests" name="Library_HasSearchTextBox" />
    </UnitTest>
    <UnitTest name="SoundFXStudio.UI.Tests.LibraryTabTests.LibraryTab_HasAddButton" storage="e:\projects\soundfx-studio\soundfxstudio.ui.tests\bin\debug\net8.0-windows\soundfxstudio.ui.tests.dll" id="d9f47221-2478-c228-02a6-f46264c5eb63">
      <Execution id="7f4b240c-adc3-4733-82d4-20ee1af155c0" />
      <TestMethod codeBase="E:\Projects\SoundFX-Studio\SoundFXStudio.UI.Tests\bin\Debug\net8.0-windows\SoundFXStudio.UI.Tests.dll" adapterTypeName="executor://xunit/VsTestRunner2/netcoreapp" className="SoundFXStudio.UI.Tests.LibraryTabTests" name="LibraryTab_HasAddButton" />
    </UnitTest>
    <UnitTest name="SoundFXStudio.UI.Tests.KeyboardTabTests.KeyboardTab_HasKeyboardBackgroundImage" storage="e:\projects\soundfx-studio\soundfxstudio.ui.tests\bin\debug\net8.0-windows\soundfxstudio.ui.tests.dll" id="18172d91-c022-ace6-a2c1-6c3730654789">
      <Execution id="c417aaaf-d214-4265-b8e2-dbe30c078df9" />
      <TestMethod codeBase="E:\Projects\SoundFX-Studio\SoundFXStudio.UI.Tests\bin\Debug\net8.0-windows\SoundFXStudio.UI.Tests.dll" adapterTypeName="executor://xunit/VsTestRunner2/netcoreapp" className="SoundFXStudio.UI.Tests.KeyboardTabTests" name="KeyboardTab_HasKeyboardBackgroundImage" />
    </UnitTest>
    <UnitTest name="SoundFXStudio.UI.Tests.RoutingSetupTests.Routing_HasStatusText" storage="e:\projects\soundfx-studio\soundfxstudio.ui.tests\bin\debug\net8.0-windows\soundfxstudio.ui.tests.dll" id="e88ec6ea-3d60-c346-4dff-d9316513f99c">
      <Execution id="5ec992a0-db82-4c3f-a8d0-db63b7b06ad6" />
      <TestMethod codeBase="E:\Projects\SoundFX-Studio\SoundFXStudio.UI.Tests\bin\Debug\net8.0-windows\SoundFXStudio.UI.Tests.dll" adapterTypeName="executor://xunit/VsTestRunner2/netcoreapp" className="SoundFXStudio.UI.Tests.RoutingSetupTests" name="Routing_HasStatusText" />
    </UnitTest>
    <UnitTest name="SoundFXStudio.UI.Tests.AddSoundDialogTests.AddSound_HasSaveAndCancelButtons" storage="e:\projects\soundfx-studio\soundfxstudio.ui.tests\bin\debug\net8.0-windows\soundfxstudio.ui.tests.dll" id="c85e3783-9282-693a-c1bb-d919132e460d">
      <Execution id="226b4fd2-63ad-4945-914c-8a1a662fa86b" />
      <TestMethod codeBase="E:\Projects\SoundFX-Studio\SoundFXStudio.UI.Tests\bin\Debug\net8.0-windows\SoundFXStudio.UI.Tests.dll" adapterTypeName="executor://xunit/VsTestRunner2/netcoreapp" className="SoundFXStudio.UI.Tests.AddSoundDialogTests" name="AddSound_HasSaveAndCancelButtons" />
    </UnitTest>
    <UnitTest name="SoundFXStudio.UI.Tests.KeyboardInteractionTests.Keyboard_HasSpecialKey(keyName: &quot;Enter&quot;)" storage="e:\projects\soundfx-studio\soundfxstudio.ui.tests\bin\debug\net8.0-windows\soundfxstudio.ui.tests.dll" id="494e2276-9a83-b96c-a660-e036b01f793d">
      <Execution id="ef0a9ea7-9869-438b-bbde-b8e4ad6783cd" />
      <TestMethod codeBase="E:\Projects\SoundFX-Studio\SoundFXStudio.UI.Tests\bin\Debug\net8.0-windows\SoundFXStudio.UI.Tests.dll" adapterTypeName="executor://xunit/VsTestRunner2/netcoreapp" className="SoundFXStudio.UI.Tests.KeyboardInteractionTests" name="Keyboard_HasSpecialKey" />
    </UnitTest>
    <UnitTest name="SoundFXStudio.UI.Tests.SettingsTabTests.SettingsTab_HasGeneralSection" storage="e:\projects\soundfx-studio\soundfxstudio.ui.tests\bin\debug\net8.0-windows\soundfxstudio.ui.tests.dll" id="cdf27695-0aba-d4e8-2096-240ab7c02bbc">
      <Execution id="9f95cd2f-ca9b-427f-8267-f7fadcf8d239" />
      <TestMethod codeBase="E:\Projects\SoundFX-Studio\SoundFXStudio.UI.Tests\bin\Debug\net8.0-windows\SoundFXStudio.UI.Tests.dll" adapterTypeName="executor://xunit/VsTestRunner2/netcoreapp" className="SoundFXStudio.UI.Tests.SettingsTabTests" name="SettingsTab_HasGeneralSection" />
    </UnitTest>
    <UnitTest name="SoundFXStudio.UI.Tests.LibraryTabTests.LibraryTab_HasSearchBox" storage="e:\projects\soundfx-studio\soundfxstudio.ui.tests\bin\debug\net8.0-windows\soundfxstudio.ui.tests.dll" id="0563139d-2c88-42bb-3aed-9efab4c5d9c2">
      <Execution id="4efbef66-d436-4d59-9070-eb32b3648505" />
      <TestMethod codeBase="E:\Projects\SoundFX-Studio\SoundFXStudio.UI.Tests\bin\Debug\net8.0-windows\SoundFXStudio.UI.Tests.dll" adapterTypeName="executor://xunit/VsTestRunner2/netcoreapp" className="SoundFXStudio.UI.Tests.LibraryTabTests" name="LibraryTab_HasSearchBox" />
    </UnitTest>
    <UnitTest name="SoundFXStudio.UI.Tests.KeyboardTabTests.KeyboardTab_ShowsKeyboardButtons" storage="e:\projects\soundfx-studio\soundfxstudio.ui.tests\bin\debug\net8.0-windows\soundfxstudio.ui.tests.dll" id="160089d3-70c8-ba92-218a-4a20da9f71df">
      <Execution id="cacee18c-cd7c-46f0-8d10-a8b5f167a036" />
      <TestMethod codeBase="E:\Projects\SoundFX-Studio\SoundFXStudio.UI.Tests\bin\Debug\net8.0-windows\SoundFXStudio.UI.Tests.dll" adapterTypeName="executor://xunit/VsTestRunner2/netcoreapp" className="SoundFXStudio.UI.Tests.KeyboardTabTests" name="KeyboardTab_ShowsKeyboardButtons" />
    </UnitTest>
    <UnitTest name="SoundFXStudio.UI.Tests.ProfileSwitchingTests.Presets_HasNewButton" storage="e:\projects\soundfx-studio\soundfxstudio.ui.tests\bin\debug\net8.0-windows\soundfxstudio.ui.tests.dll" id="72736b0b-6ba4-f341-3a6e-b8caa67a5f6e">
      <Execution id="c39c150e-fc2f-4c82-986b-306ec8cec75f" />
      <TestMethod codeBase="E:\Projects\SoundFX-Studio\SoundFXStudio.UI.Tests\bin\Debug\net8.0-windows\SoundFXStudio.UI.Tests.dll" adapterTypeName="executor://xunit/VsTestRunner2/netcoreapp" className="SoundFXStudio.UI.Tests.ProfileSwitchingTests" name="Presets_HasNewButton" />
    </UnitTest>
    <UnitTest name="SoundFXStudio.UI.Tests.AddSoundDialogTests.AddSound_CancelClosesDialog" storage="e:\projects\soundfx-studio\soundfxstudio.ui.tests\bin\debug\net8.0-windows\soundfxstudio.ui.tests.dll" id="56a1d8ad-0e0b-0005-4ce6-b4548e368436">
      <Execution id="36d3e232-090d-4fe3-8382-c59857a6de93" />
      <TestMethod codeBase="E:\Projects\SoundFX-Studio\SoundFXStudio.UI.Tests\bin\Debug\net8.0-windows\SoundFXStudio.UI.Tests.dll" adapterTypeName="executor://xunit/VsTestRunner2/netcoreapp" className="SoundFXStudio.UI.Tests.AddSoundDialogTests" name="AddSound_CancelClosesDialog" />
    </UnitTest>
    <UnitTest name="SoundFXStudio.UI.Tests.AddSoundDialogTests.AddSound_DialogOpens_WithTitle" storage="e:\projects\soundfx-studio\soundfxstudio.ui.tests\bin\debug\net8.0-windows\soundfxstudio.ui.tests.dll" id="ad18676b-3dce-00b9-ac60-719bb9dce76d">
      <Execution id="3f9be43b-3263-46a0-81f2-bb03381430e7" />
      <TestMethod codeBase="E:\Projects\SoundFX-Studio\SoundFXStudio.UI.Tests\bin\Debug\net8.0-windows\SoundFXStudio.UI.Tests.dll" adapterTypeName="executor://xunit/VsTestRunner2/netcoreapp" className="SoundFXStudio.UI.Tests.AddSoundDialogTests" name="AddSound_DialogOpens_WithTitle" />
    </UnitTest>
    <UnitTest name="SoundFXStudio.UI.Tests.LibraryCRUDTests.Library_HasAddButton" storage="e:\projects\soundfx-studio\soundfxstudio.ui.tests\bin\debug\net8.0-windows\soundfxstudio.ui.tests.dll" id="df57f576-71e6-6526-651e-d1a8ed704a22">
      <Execution id="1e400800-abb6-4b0c-b33e-48ee29ae927f" />
      <TestMethod codeBase="E:\Projects\SoundFX-Studio\SoundFXStudio.UI.Tests\bin\Debug\net8.0-windows\SoundFXStudio.UI.Tests.dll" adapterTypeName="executor://xunit/VsTestRunner2/netcoreapp" className="SoundFXStudio.UI.Tests.LibraryCRUDTests" name="Library_HasAddButton" />
    </UnitTest>
    <UnitTest name="SoundFXStudio.UI.Tests.LibraryTabTests.LibraryTab_HasSoundsListView" storage="e:\projects\soundfx-studio\soundfxstudio.ui.tests\bin\debug\net8.0-windows\soundfxstudio.ui.tests.dll" id="f2fa7776-e862-5436-8c44-2b6fdc60f397">
      <Execution id="bb24bfa6-f0a1-4aa5-bb72-02a2349f4ef8" />
      <TestMethod codeBase="E:\Projects\SoundFX-Studio\SoundFXStudio.UI.Tests\bin\Debug\net8.0-windows\SoundFXStudio.UI.Tests.dll" adapterTypeName="executor://xunit/VsTestRunner2/netcoreapp" className="SoundFXStudio.UI.Tests.LibraryTabTests" name="LibraryTab_HasSoundsListView" />
    </UnitTest>
    <UnitTest name="SoundFXStudio.UI.Tests.MainWindowTests.MainWindow_CanSwitchToTab(tabName: &quot;Keyboard&quot;)" storage="e:\projects\soundfx-studio\soundfxstudio.ui.tests\bin\debug\net8.0-windows\soundfxstudio.ui.tests.dll" id="53b7b561-dabe-601e-8ac6-e75e8cc2479b">
      <Execution id="43d69cfe-606c-466f-9969-c80d9dba42b1" />
      <TestMethod codeBase="E:\Projects\SoundFX-Studio\SoundFXStudio.UI.Tests\bin\Debug\net8.0-windows\SoundFXStudio.UI.Tests.dll" adapterTypeName="executor://xunit/VsTestRunner2/netcoreapp" className="SoundFXStudio.UI.Tests.MainWindowTests" name="MainWindow_CanSwitchToTab" />
    </UnitTest>
    <UnitTest name="SoundFXStudio.UI.Tests.MainWindowTests.MainWindow_TabHeaders_ContainExpectedNames" storage="e:\projects\soundfx-studio\soundfxstudio.ui.tests\bin\debug\net8.0-windows\soundfxstudio.ui.tests.dll" id="9e02a724-0719-3ebf-bfed-7cd6f9daaf42">
      <Execution id="9b1b672a-3533-4a6a-bc34-c6b527b599bc" />
      <TestMethod codeBase="E:\Projects\SoundFX-Studio\SoundFXStudio.UI.Tests\bin\Debug\net8.0-windows\SoundFXStudio.UI.Tests.dll" adapterTypeName="executor://xunit/VsTestRunner2/netcoreapp" className="SoundFXStudio.UI.Tests.MainWindowTests" name="MainWindow_TabHeaders_ContainExpectedNames" />
    </UnitTest>
    <UnitTest name="SoundFXStudio.UI.Tests.SettingsTabTests.SettingsTab_HasAppearanceSection" storage="e:\projects\soundfx-studio\soundfxstudio.ui.tests\bin\debug\net8.0-windows\soundfxstudio.ui.tests.dll" id="9e2ebb58-f97f-6283-441b-8d4fb2375ada">
      <Execution id="233f7968-b16d-45af-b397-5c8e0ad70054" />
      <TestMethod codeBase="E:\Projects\SoundFX-Studio\SoundFXStudio.UI.Tests\bin\Debug\net8.0-windows\SoundFXStudio.UI.Tests.dll" adapterTypeName="executor://xunit/VsTestRunner2/netcoreapp" className="SoundFXStudio.UI.Tests.SettingsTabTests" name="SettingsTab_HasAppearanceSection" />
    </UnitTest>
    <UnitTest name="SoundFXStudio.UI.Tests.AddSoundDialogTests.AddSound_HasImageBrowseButton" storage="e:\projects\soundfx-studio\soundfxstudio.ui.tests\bin\debug\net8.0-windows\soundfxstudio.ui.tests.dll" id="a9a7f6c3-99b1-9151-7480-658e35bbaf17">
      <Execution id="23f386f7-854f-4909-8d46-7c083275621d" />
      <TestMethod codeBase="E:\Projects\SoundFX-Studio\SoundFXStudio.UI.Tests\bin\Debug\net8.0-windows\SoundFXStudio.UI.Tests.dll" adapterTypeName="executor://xunit/VsTestRunner2/netcoreapp" className="SoundFXStudio.UI.Tests.AddSoundDialogTests" name="AddSound_HasImageBrowseButton" />
    </UnitTest>
    <UnitTest name="SoundFXStudio.UI.Tests.ProfileSwitchingTests.Presets_HasSearchBox" storage="e:\projects\soundfx-studio\soundfxstudio.ui.tests\bin\debug\net8.0-windows\soundfxstudio.ui.tests.dll" id="eae7bc12-fce4-453f-42a3-65884ad5b77c">
      <Execution id="1ec1c06e-b896-40d9-9888-e0708b4ab94d" />
      <TestMethod codeBase="E:\Projects\SoundFX-Studio\SoundFXStudio.UI.Tests\bin\Debug\net8.0-windows\SoundFXStudio.UI.Tests.dll" adapterTypeName="executor://xunit/VsTestRunner2/netcoreapp" className="SoundFXStudio.UI.Tests.ProfileSwitchingTests" name="Presets_HasSearchBox" />
    </UnitTest>
    <UnitTest name="SoundFXStudio.UI.Tests.KeyboardInteractionTests.Keyboard_HasSpecialKey(keyName: &quot;F1&quot;)" storage="e:\projects\soundfx-studio\soundfxstudio.ui.tests\bin\debug\net8.0-windows\soundfxstudio.ui.tests.dll" id="9c4f5ba0-a861-8a9a-89b3-f506a19b195d">
      <Execution id="198469ca-dc00-4cb0-b0b9-2bcacb33b776" />
      <TestMethod codeBase="E:\Projects\SoundFX-Studio\SoundFXStudio.UI.Tests\bin\Debug\net8.0-windows\SoundFXStudio.UI.Tests.dll" adapterTypeName="executor://xunit/VsTestRunner2/netcoreapp" className="SoundFXStudio.UI.Tests.KeyboardInteractionTests" name="Keyboard_HasSpecialKey" />
    </UnitTest>
    <UnitTest name="SoundFXStudio.UI.Tests.SettingsLayoutTests.Settings_HasCheckBoxes" storage="e:\projects\soundfx-studio\soundfxstudio.ui.tests\bin\debug\net8.0-windows\soundfxstudio.ui.tests.dll" id="c2e5b60d-cf38-7a1d-8247-96e8b4a293b6">
      <Execution id="7d072b7b-de94-4504-9645-c45f9c43b9ac" />
      <TestMethod codeBase="E:\Projects\SoundFX-Studio\SoundFXStudio.UI.Tests\bin\Debug\net8.0-windows\SoundFXStudio.UI.Tests.dll" adapterTypeName="executor://xunit/VsTestRunner2/netcoreapp" className="SoundFXStudio.UI.Tests.SettingsLayoutTests" name="Settings_HasCheckBoxes" />
    </UnitTest>
    <UnitTest name="SoundFXStudio.UI.Tests.MainWindowTests.MainWindow_CanSwitchToTab(tabName: &quot;Library&quot;)" storage="e:\projects\soundfx-studio\soundfxstudio.ui.tests\bin\debug\net8.0-windows\soundfxstudio.ui.tests.dll" id="27a61f8f-3082-0067-31aa-0b522bd1fa37">
      <Execution id="f5ff765c-06f8-40b8-8f91-ae90b53e58d9" />
[...]
[xUnit.net 00:00:49.72]       Assert.NotNull() Failure: Value is null&#xD;
[xUnit.net 00:00:49.72]       Stack Trace:&#xD;
[xUnit.net 00:00:49.72]         E:\Projects\SoundFX-Studio\SoundFXStudio.UI.Tests\LibraryCRUDTests.cs(71,0): at SoundFXStudio.UI.Tests.LibraryCRUDTests.Library_HasDeleteButton()&#xD;
[xUnit.net 00:00:49.72]            at System.RuntimeMethodHandle.InvokeMethod(Object target, Void** arguments, Signature sig, Boolean isConstructor)&#xD;
[xUnit.net 00:00:49.72]            at System.Reflection.MethodBaseInvoker.InvokeWithNoArgs(Object obj, BindingFlags invokeAttr)&#xD;
[xUnit.net 00:00:51.31]       Assert.NotNull() Failure: Value is null&#xD;
[xUnit.net 00:00:51.31]       Stack Trace:&#xD;
[xUnit.net 00:00:51.31]         E:\Projects\SoundFX-Studio\SoundFXStudio.UI.Tests\LibraryCRUDTests.cs(101,0): at SoundFXStudio.UI.Tests.LibraryCRUDTests.Library_SearchBox_FiltersSounds()&#xD;
[xUnit.net 00:00:51.31]            at System.RuntimeMethodHandle.InvokeMethod(Object target, Void** arguments, Signature sig, Boolean isConstructor)&#xD;
[xUnit.net 00:00:51.31]            at System.Reflection.MethodBaseInvoker.InvokeWithNoArgs(Object obj, BindingFlags invokeAttr)&#xD;
[xUnit.net 00:00:54.96]       Assert.NotNull() Failure: Value is null&#xD;
[xUnit.net 00:00:54.96]       Stack Trace:&#xD;
[xUnit.net 00:00:54.96]         E:\Projects\SoundFX-Studio\SoundFXStudio.UI.Tests\LibraryTabTests.cs(62,0): at SoundFXStudio.UI.Tests.LibraryTabTests.LibraryTab_HasDeleteButton()&#xD;
[xUnit.net 00:00:54.96]            at System.RuntimeMethodHandle.InvokeMethod(Object target, Void** arguments, Signature sig, Boolean isConstructor)&#xD;
[xUnit.net 00:00:54.96]            at System.Reflection.MethodBaseInvoker.InvokeWithNoArgs(Object obj, BindingFlags invokeAttr)&#xD;
[xUnit.net 00:00:57.23]       Library tab should have at least one text box (search)&#xD;
[xUnit.net 00:00:57.23]       Stack Trace:&#xD;
[xUnit.net 00:00:57.23]         E:\Projects\SoundFX-Studio\SoundFXStudio.UI.Tests\LibraryTabTests.cs(40,0): at SoundFXStudio.UI.Tests.LibraryTabTests.LibraryTab_HasSearchBox()&#xD;
[xUnit.net 00:00:57.23]            at System.RuntimeMethodHandle.InvokeMethod(Object target, Void** arguments, Signature sig, Boolean isConstructor)&#xD;
[xUnit.net 00:00:57.23]            at System.Reflection.MethodBaseInvoker.InvokeWithNoArgs(Object obj, BindingFlags invokeAttr)&#xD;
[xUnit.net 00:00:58.89]       Assert.NotNull() Failure: Value is null&#xD;
[xUnit.net 00:00:58.89]       Stack Trace:&#xD;
[xUnit.net 00:00:58.89]         E:\Projects\SoundFX-Studio\SoundFXStudio.UI.Tests\LibraryTabTests.cs(51,0): at SoundFXStudio.UI.Tests.LibraryTabTests.LibraryTab_HasAddButton()&#xD;
[xUnit.net 00:00:58.89]            at System.RuntimeMethodHandle.InvokeMethod(Object target, Void** arguments, Signature sig, Boolean isConstructor)&#xD;
[xUnit.net 00:00:58.89]            at System.Reflection.MethodBaseInvoker.InvokeWithNoArgs(Object obj, BindingFlags invokeAttr)&#xD;
[xUnit.net 00:01:05.96]       Assert.Equal() Failure: Values differ&#xD;
[xUnit.net 00:01:05.96]       Expected: 5&#xD;
[xUnit.net 00:01:05.96]       Actual:   6&#xD;
[xUnit.net 00:01:05.96]       Stack Trace:&#xD;
[xUnit.net 00:01:05.96]         E:\Projects\SoundFX-Studio\SoundFXStudio.UI.Tests\MainWindowTests.cs(29,0): at SoundFXStudio.UI.Tests.MainWindowTests.MainWindow_HasTabControl_With5Tabs()&#xD;
[xUnit.net 00:01:05.96]            at System.RuntimeMethodHandle.InvokeMethod(Object target, Void** arguments, Signature sig, Boolean isConstructor)&#xD;
[xUnit.net 00:01:05.96]            at System.Reflection.MethodBaseInvoker.InvokeWithNoArgs(Object obj, BindingFlags invokeAttr)&#xD;
[xUnit.net 00:01:09.65]       Assert.NotNull() Failure: Value is null&#xD;
[xUnit.net 00:01:09.65]       Stack Trace:&#xD;
[xUnit.net 00:01:09.65]         E:\Projects\SoundFX-Studio\SoundFXStudio.UI.Tests\PresetsTabTests.cs(42,0): at SoundFXStudio.UI.Tests.PresetsTabTests.PresetsTab_HasNewButton()&#xD;
[xUnit.net 00:01:09.65]            at System.RuntimeMethodHandle.InvokeMethod(Object target, Void** arguments, Signature sig, Boolean isConstructor)&#xD;
[xUnit.net 00:01:09.65]            at System.Reflection.MethodBaseInvoker.InvokeWithNoArgs(Object obj, BindingFlags invokeAttr)&#xD;
[xUnit.net 00:01:11.22]       Presets tab should have a search box&#xD;
[xUnit.net 00:01:11.22]       Stack Trace:&#xD;
[xUnit.net 00:01:11.22]         E:\Projects\SoundFX-Studio\SoundFXStudio.UI.Tests\PresetsTabTests.cs(51,0): at SoundFXStudio.UI.Tests.PresetsTabTests.PresetsTab_HasSearchBox()&#xD;
[xUnit.net 00:01:11.22]            at System.RuntimeMethodHandle.InvokeMethod(Object target, Void** arguments, Signature sig, Boolean isConstructor)&#xD;
[xUnit.net 00:01:11.22]            at System.Reflection.MethodBaseInvoker.InvokeWithNoArgs(Object obj, BindingFlags invokeAttr)&#xD;
[xUnit.net 00:01:12.85]       Presets tab should have a search text box&#xD;
[xUnit.net 00:01:12.85]       Stack Trace:&#xD;
[xUnit.net 00:01:12.85]         E:\Projects\SoundFX-Studio\SoundFXStudio.UI.Tests\ProfileSwitchingTests.cs(67,0): at SoundFXStudio.UI.Tests.ProfileSwitchingTests.Presets_HasSearchBox()&#xD;
[xUnit.net 00:01:12.85]            at System.RuntimeMethodHandle.InvokeMethod(Object target, Void** arguments, Signature sig, Boolean isConstructor)&#xD;
[xUnit.net 00:01:12.85]            at System.Reflection.MethodBaseInvoker.InvokeWithNoArgs(Object obj, BindingFlags invokeAttr)&#xD;
[xUnit.net 00:01:15.82]       Should have at least one profile&#xD;
[xUnit.net 00:01:15.82]       Stack Trace:&#xD;
[xUnit.net 00:01:15.82]         E:\Projects\SoundFX-Studio\SoundFXStudio.UI.Tests\ProfileSwitchingTests.cs(33,0): at SoundFXStudio.UI.Tests.ProfileSwitchingTests.Presets_HasDefaultProfile()&#xD;
[xUnit.net 00:01:15.82]            at System.RuntimeMethodHandle.InvokeMethod(Object target, Void** arguments, Signature sig, Boolean isConstructor)&#xD;
[xUnit.net 00:01:15.82]            at System.Reflection.MethodBaseInvoker.InvokeWithNoArgs(Object obj, BindingFlags invokeAttr)&#xD;
[xUnit.net 00:01:18.05]       Assert.True() Failure&#xD;
[xUnit.net 00:01:18.05]       Expected: True&#xD;
[xUnit.net 00:01:18.05]       Actual:   False&#xD;
[xUnit.net 00:01:18.05]       Stack Trace:&#xD;
[xUnit.net 00:01:18.05]         E:\Projects\SoundFX-Studio\SoundFXStudio.UI.Tests\ProfileSwitchingTests.cs(55,0): at SoundFXStudio.UI.Tests.ProfileSwitchingTests.Presets_CanSelectProfile()&#xD;
[xUnit.net 00:01:18.05]            at System.RuntimeMethodHandle.InvokeMethod(Object target, Void** arguments, Signature sig, Boolean isConstructor)&#xD;
[xUnit.net 00:01:18.05]            at System.Reflection.MethodBaseInvoker.InvokeWithNoArgs(Object obj, BindingFlags invokeAttr)&#xD;
[xUnit.net 00:01:20.23]       Assert.NotNull() Failure: Value is null&#xD;
[xUnit.net 00:01:20.23]       Stack Trace:&#xD;
[xUnit.net 00:01:20.23]         E:\Projects\SoundFX-Studio\SoundFXStudio.UI.Tests\ProfileSwitchingTests.cs(44,0): at SoundFXStudio.UI.Tests.ProfileSwitchingTests.Presets_HasNewButton()&#xD;
[xUnit.net 00:01:20.23]            at System.RuntimeMethodHandle.InvokeMethod(Object target, Void** arguments, Signature sig, Boolean isConstructor)&#xD;
[xUnit.net 00:01:20.23]            at System.Reflection.MethodBaseInvoker.InvokeWithNoArgs(Object obj, BindingFlags invokeAttr)&#xD;
[xUnit.net 00:01:25.44]       Assert.NotNull() Failure: Value is null&#xD;
[xUnit.net 00:01:25.44]       Stack Trace:&#xD;
[xUnit.net 00:01:25.44]         E:\Projects\SoundFX-Studio\SoundFXStudio.UI.Tests\RoutingSetupTests.cs(76,0): at SoundFXStudio.UI.Tests.RoutingSetupTests.Routing_HasSetupWizardButton()&#xD;
[xUnit.net 00:01:25.44]            at System.RuntimeMethodHandle.InvokeMethod(Object target, Void** arguments, Signature sig, Boolean isConstructor)&#xD;
[xUnit.net 00:01:25.44]            at System.Reflection.MethodBaseInvoker.InvokeWithNoArgs(Object obj, BindingFlags invokeAttr)&#xD;
[xUnit.net 00:01:29.87]       Assert.NotNull() Failure: Value is null&#xD;
[xUnit.net 00:01:29.87]       Stack Trace:&#xD;
[xUnit.net 00:01:29.87]         E:\Projects\SoundFX-Studio\SoundFXStudio.UI.Tests\RoutingSetupTests.cs(53,0): at SoundFXStudio.UI.Tests.RoutingSetupTests.Routing_HasAutoConfigureButton()&#xD;
[xUnit.net 00:01:29.87]            at System.RuntimeMethodHandle.InvokeMethod(Object target, Void** arguments, Signature sig, Boolean isConstructor)&#xD;
[xUnit.net 00:01:29.87]            at System.Reflection.MethodBaseInvoker.InvokeWithNoArgs(Object obj, BindingFlags invokeAttr)&#xD;
[xUnit.net 00:01:33.54]       Assert.NotNull() Failure: Value is null&#xD;
[xUnit.net 00:01:33.54]       Stack Trace:&#xD;
[xUnit.net 00:01:33.54]         E:\Projects\SoundFX-Studio\SoundFXStudio.UI.Tests\RoutingSetupTests.cs(97,0): at SoundFXStudio.UI.Tests.RoutingSetupTests.Routing_HasWindowsSoundButton()&#xD;
[xUnit.net 00:01:33.54]            at System.RuntimeMethodHandle.InvokeMethod(Object target, Void** arguments, Signature sig, Boolean isConstructor)&#xD;
[xUnit.net 00:01:33.54]            at System.Reflection.MethodBaseInvoker.InvokeWithNoArgs(Object obj, BindingFlags invokeAttr)&#xD;
[xUnit.net 00:01:35.08]       Output combo should have device items&#xD;
[xUnit.net 00:01:35.08]       Stack Trace:&#xD;
[xUnit.net 00:01:35.08]         E:\Projects\SoundFX-Studio\SoundFXStudio.UI.Tests\RoutingSetupTests.cs(42,0): at SoundFXStudio.UI.Tests.RoutingSetupTests.Routing_OutputCombo_HasDevices()&#xD;
[xUnit.net 00:01:35.08]            at System.RuntimeMethodHandle.InvokeMethod(Object target, Void** arguments, Signature sig, Boolean isConstructor)&#xD;
[xUnit.net 00:01:35.08]            at System.Reflection.MethodBaseInvoker.InvokeWithNoArgs(Object obj, BindingFlags invokeAttr)&#xD;
[xUnit.net 00:01:36.64]       Assert.NotNull() Failure: Value is null&#xD;
[xUnit.net 00:01:36.64]       Stack Trace:&#xD;
[xUnit.net 00:01:36.64]         E:\Projects\SoundFX-Studio\SoundFXStudio.UI.Tests\RoutingSetupTests.cs(64,0): at SoundFXStudio.UI.Tests.RoutingSetupTests.Routing_HasTestRoutingButton()&#xD;
[xUnit.net 00:01:36.64]            at System.RuntimeMethodHandle.InvokeMethod(Object target, Void** arguments, Signature sig, Boolean isConstructor)&#xD;
[xUnit.net 00:01:36.64]            at System.Reflection.MethodBaseInvoker.InvokeWithNoArgs(Object obj, BindingFlags invokeAttr)&#xD;
[xUnit.net 00:01:38.27]       Assert.NotNull() Failure: Value is null&#xD;
[xUnit.net 00:01:38.27]       Stack Trace:&#xD;
[xUnit.net 00:01:38.27]         E:\Projects\SoundFX-Studio\SoundFXStudio.UI.Tests\RoutingSetupTests.cs(109,0): at SoundFXStudio.UI.Tests.RoutingSetupTests.Routing_OpenSetupWizard_ShowsDialog()&#xD;
[xUnit.net 00:01:38.27]            at System.RuntimeMethodHandle.InvokeMethod(Object target, Void** arguments, Signature sig, Boolean isConstructor)&#xD;
[xUnit.net 00:01:38.27]            at System.Reflection.MethodBaseInvoker.InvokeWithNoArgs(Object obj, BindingFlags invokeAttr)&#xD;
[xUnit.net 00:01:49.76]   Finished:    SoundFXStudio.UI.Tests&#xD;
</StdOut>
    </Output>
    <RunInfos>
      <RunInfo computerName="MAKAVELI" outcome="Error" timestamp="2026-07-11T00:24:01.0217206+02:00">
        <Text>[xUnit.net 00:00:06.03]     SoundFXStudio.UI.Tests.AddSoundDialogTests.AddSound_HasFavoriteAndLoopCheckboxes [FAIL]</Text>
      </RunInfo>
      <RunInfo computerName="MAKAVELI" outcome="Error" timestamp="2026-07-11T00:24:03.0697394+02:00">
        <Text>[xUnit.net 00:00:08.08]     SoundFXStudio.UI.Tests.AddSoundDialogTests.AddSound_HasVolumeSlider [FAIL]</Text>
      </RunInfo>
      <RunInfo computerName="MAKAVELI" outcome="Error" timestamp="2026-07-11T00:24:04.9604197+02:00">
        <Text>[xUnit.net 00:00:09.97]     SoundFXStudio.UI.Tests.AddSoundDialogTests.AddSound_HasSaveAndCancelButtons [FAIL]</Text>
      </RunInfo>
      <RunInfo computerName="MAKAVELI" outcome="Error" timestamp="2026-07-11T00:24:07.1768502+02:00">
        <Text>[xUnit.net 00:00:12.18]     SoundFXStudio.UI.Tests.AddSoundDialogTests.AddSound_DialogOpens_WithTitle [FAIL]</Text>
      </RunInfo>
      <RunInfo computerName="MAKAVELI" outcome="Error" timestamp="2026-07-11T00:24:09.1267745+02:00">
        <Text>[xUnit.net 00:00:14.13]     SoundFXStudio.UI.Tests.AddSoundDialogTests.AddSound_HasImageBrowseButton [FAIL]</Text>
      </RunInfo>
      <RunInfo computerName="MAKAVELI" outcome="Error" timestamp="2026-07-11T00:24:11.2087677+02:00">
        <Text>[xUnit.net 00:00:16.21]     SoundFXStudio.UI.Tests.AddSoundDialogTests.AddSound_HasCategoryComboBox [FAIL]</Text>
      </RunInfo>
      <RunInfo computerName="MAKAVELI" outcome="Error" timestamp="2026-07-11T00:24:13.2280586+02:00">
        <Text>[xUnit.net 00:00:18.23]     SoundFXStudio.UI.Tests.AddSoundDialogTests.AddSound_HasNameTextBox [FAIL]</Text>
      </RunInfo>
      <RunInfo computerName="MAKAVELI" outcome="Error" timestamp="2026-07-11T00:24:15.2759912+02:00">
        <Text>[xUnit.net 00:00:20.28]     SoundFXStudio.UI.Tests.AddSoundDialogTests.AddSound_HasBrowseButton [FAIL]</Text>
      </RunInfo>
      <RunInfo computerName="MAKAVELI" outcome="Error" timestamp="2026-07-11T00:24:16.7763277+02:00">
        <Text>[xUnit.net 00:00:21.78]     SoundFXStudio.UI.Tests.AddSoundDialogTests.AddSound_CancelClosesDialog [FAIL]</Text>
      </RunInfo>
      <RunInfo computerName="MAKAVELI" outcome="Error" timestamp="2026-07-11T00:24:18.4377848+02:00">
        <Text>[xUnit.net 00:00:23.44]     SoundFXStudio.UI.Tests.AddSoundDialogTests.AddSound_HasCloseXButton [FAIL]</Text>
      </RunInfo>
      <RunInfo computerName="MAKAVELI" outcome="Error" timestamp="2026-07-11T00:24:19.5431480+02:00">
        <Text>[xUnit.net 00:00:24.55]     SoundFXStudio.UI.Tests.KeyboardInteractionTests.Keyboard_HasSpecialKey(keyName: "Escape") [FAIL]</Text>
      </RunInfo>
      <RunInfo computerName="MAKAVELI" outcome="Error" timestamp="2026-07-11T00:24:21.4089852+02:00">
        <Text>[xUnit.net 00:00:26.41]     SoundFXStudio.UI.Tests.KeyboardInteractionTests.Keyboard_HasSpecialKey(keyName: "F1") [FAIL]</Text>
      </RunInfo>
      <RunInfo computerName="MAKAVELI" outcome="Error" timestamp="2026-07-11T00:24:22.6005726+02:00">
        <Text>[xUnit.net 00:00:27.61]     SoundFXStudio.UI.Tests.KeyboardInteractionTests.Keyboard_HasSpecialKey(keyName: "Enter") [FAIL]</Text>
      </RunInfo>
      <RunInfo computerName="MAKAVELI" outcome="Error" timestamp="2026-07-11T00:24:24.0999795+02:00">
        <Text>[xUnit.net 00:00:29.11]     SoundFXStudio.UI.Tests.KeyboardInteractionTests.Keyboard_HasSpecialKey(keyName: "Space") [FAIL]</Text>
      </RunInfo>
      <RunInfo computerName="MAKAVELI" outcome="Error" timestamp="2026-07-11T00:24:29.0200172+02:00">
        <Text>[xUnit.net 00:00:34.03]     SoundFXStudio.UI.Tests.KeyboardInteractionTests.Keyboard_KeyButtons_HaveNames [FAIL]</Text>
      </RunInfo>
      <RunInfo computerName="MAKAVELI" outcome="Error" timestamp="2026-07-11T00:24:35.6610079+02:00">
        <Text>[xUnit.net 00:00:40.67]     SoundFXStudio.UI.Tests.LibraryCRUDTests.Library_HasSearchTextBox [FAIL]</Text>
      </RunInfo>
      <RunInfo computerName="MAKAVELI" outcome="Error" timestamp="2026-07-11T00:24:39.9322939+02:00">
        <Text>[xUnit.net 00:00:44.94]     SoundFXStudio.UI.Tests.LibraryCRUDTests.Library_HasFavoritesCheckbox [FAIL]</Text>
      </RunInfo>
      <RunInfo computerName="MAKAVELI" outcome="Error" timestamp="2026-07-11T00:24:43.1318003+02:00">
        <Text>[xUnit.net 00:00:48.14]     SoundFXStudio.UI.Tests.LibraryCRUDTests.Library_HasAddButton [FAIL]</Text>
      </RunInfo>
      <RunInfo computerName="MAKAVELI" outcome="Error" timestamp="2026-07-11T00:24:44.7180924+02:00">
        <Text>[xUnit.net 00:00:49.72]     SoundFXStudio.UI.Tests.LibraryCRUDTests.Library_HasDeleteButton [FAIL]</Text>
      </RunInfo>
      <RunInfo computerName="MAKAVELI" outcome="Error" timestamp="2026-07-11T00:24:46.3045416+02:00">
        <Text>[xUnit.net 00:00:51.31]     SoundFXStudio.UI.Tests.LibraryCRUDTests.Library_SearchBox_FiltersSounds [FAIL]</Text>
      </RunInfo>
      <RunInfo computerName="MAKAVELI" outcome="Error" timestamp="2026-07-11T00:24:49.9580314+02:00">
        <Text>[xUnit.net 00:00:54.96]     SoundFXStudio.UI.Tests.LibraryTabTests.LibraryTab_HasDeleteButton [FAIL]</Text>
      </RunInfo>
      <RunInfo computerName="MAKAVELI" outcome="Error" timestamp="2026-07-11T00:24:52.2217835+02:00">
        <Text>[xUnit.net 00:00:57.23]     SoundFXStudio.UI.Tests.LibraryTabTests.LibraryTab_HasSearchBox [FAIL]</Text>
      </RunInfo>
      <RunInfo computerName="MAKAVELI" outcome="Error" timestamp="2026-07-11T00:24:53.8845897+02:00">
        <Text>[xUnit.net 00:00:58.89]     SoundFXStudio.UI.Tests.LibraryTabTests.LibraryTab_HasAddButton [FAIL]</Text>
      </RunInfo>
      <RunInfo computerName="MAKAVELI" outcome="Error" timestamp="2026-07-11T00:25:00.9503999+02:00">
        <Text>[xUnit.net 00:01:05.96]     SoundFXStudio.UI.Tests.MainWindowTests.MainWindow_HasTabControl_With5Tabs [FAIL]</Text>
      </RunInfo>
      <RunInfo computerName="MAKAVELI" outcome="Error" timestamp="2026-07-11T00:25:04.6427672+02:00">
        <Text>[xUnit.net 00:01:09.65]     SoundFXStudio.UI.Tests.PresetsTabTests.PresetsTab_HasNewButton [FAIL]</Text>
      </RunInfo>
      <RunInfo computerName="MAKAVELI" outcome="Error" timestamp="2026-07-11T00:25:06.2140819+02:00">
        <Text>[xUnit.net 00:01:11.22]     SoundFXStudio.UI.Tests.PresetsTabTests.PresetsTab_HasSearchBox [FAIL]</Text>
      </RunInfo>
      <RunInfo computerName="MAKAVELI" outcome="Error" timestamp="2026-07-11T00:25:07.8424023+02:00">
        <Text>[xUnit.net 00:01:12.85]     SoundFXStudio.UI.Tests.ProfileSwitchingTests.Presets_HasSearchBox [FAIL]</Text>
      </RunInfo>
      <RunInfo computerName="MAKAVELI" outcome="Error" timestamp="2026-07-11T00:25:10.8188780+02:00">
        <Text>[xUnit.net 00:01:15.82]     SoundFXStudio.UI.Tests.ProfileSwitchingTests.Presets_HasDefaultProfile [FAIL]</Text>
      </RunInfo>
      <RunInfo computerName="MAKAVELI" outcome="Error" timestamp="2026-07-11T00:25:13.0452858+02:00">
        <Text>[xUnit.net 00:01:18.05]     SoundFXStudio.UI.Tests.ProfileSwitchingTests.Presets_CanSelectProfile [FAIL]</Text>
      </RunInfo>
      <RunInfo computerName="MAKAVELI" outcome="Error" timestamp="2026-07-11T00:25:15.2282180+02:00">
        <Text>[xUnit.net 00:01:20.23]     SoundFXStudio.UI.Tests.ProfileSwitchingTests.Presets_HasNewButton [FAIL]</Text>
      </RunInfo>
      <RunInfo computerName="MAKAVELI" outcome="Error" timestamp="2026-07-11T00:25:20.4351416+02:00">
        <Text>[xUnit.net 00:01:25.44]     SoundFXStudio.UI.Tests.RoutingSetupTests.Routing_HasSetupWizardButton [FAIL]</Text>
      </RunInfo>
      <RunInfo computerName="MAKAVELI" outcome="Error" timestamp="2026-07-11T00:25:24.8661752+02:00">
        <Text>[xUnit.net 00:01:29.87]     SoundFXStudio.UI.Tests.RoutingSetupTests.Routing_HasAutoConfigureButton [FAIL]</Text>
      </RunInfo>
      <RunInfo computerName="MAKAVELI" outcome="Error" timestamp="2026-07-11T00:25:28.5379935+02:00">
        <Text>[xUnit.net 00:01:33.54]     SoundFXStudio.UI.Tests.RoutingSetupTests.Routing_HasWindowsSoundButton [FAIL]</Text>
      </RunInfo>
      <RunInfo computerName="MAKAVELI" outcome="Error" timestamp="2026-07-11T00:25:30.0722974+02:00">
        <Text>[xUnit.net 00:01:35.08]     SoundFXStudio.UI.Tests.RoutingSetupTests.Routing_OutputCombo_HasDevices [FAIL]</Text>
      </RunInfo>
      <RunInfo computerName="MAKAVELI" outcome="Error" timestamp="2026-07-11T00:25:31.6314701+02:00">
        <Text>[xUnit.net 00:01:36.64]     SoundFXStudio.UI.Tests.RoutingSetupTests.Routing_HasTestRoutingButton [FAIL]</Text>
      </RunInfo>
      <RunInfo computerName="MAKAVELI" outcome="Error" timestamp="2026-07-11T00:25:33.2681582+02:00">
        <Text>[xUnit.net 00:01:38.27]     SoundFXStudio.UI.Tests.RoutingSetupTests.Routing_OpenSetupWizard_ShowsDialog [FAIL]</Text>
      </RunInfo>
    </RunInfos>
  </ResultSummary>
</TestRun>